<?xml version="1.0" encoding="UTF-8"?>
<testsuite name="AccountServiceTest" tests="1" skipped="0" failures="1" errors="0" timestamp="2022-05-28T17:58:05" hostname="FRACTAL" time="13.501">
  <properties/>
  <testcase name="start" classname="AccountServiceTest" time="13.501">
    <failure message="java.lang.AssertionError: Wrong answer in test #47&#10;&#10;The JSON element at path &quot;/roles/0&quot; should equal to &quot;ROLE_ACCOUNTANT&quot;, found &quot;ROLE_USER&quot;&#10;&#10;Full JSON:&#10;{&#10;  &quot;id&quot;: 3,&#10;  &quot;lastname&quot;: &quot;Ivanov&quot;,&#10;  &quot;email&quot;: &quot;ivanivanov@acme.com&quot;,&#10;  &quot;roles&quot;: [&#10;    &quot;ROLE_USER&quot;,&#10;    &quot;ROLE_ACCOUNTANT&quot;&#10;  ],&#10;  &quot;name&quot;: &quot;Ivan&quot;&#10;}&#10;&#10;Please find below the output of your program during this failed test.&#10;&#10;---&#10;&#10;.   ____          _            __ _ _&#10; /\\ / ___'_ __ _ _(_)_ __  __ _ \ \ \ \&#10;( ( )\___ | '_ | '_| | '_ \/ _` | \ \ \ \&#10; \\/  ___)| |_)| | | | | || (_| |  ) ) ) )&#10;  '  |____| .__|_| |_|_| |_\__, | / / / /&#10; =========|_|==============|___/=/_/_/_/&#10; :: Spring Boot ::        (v2.3.1.RELEASE)&#10;&#10;2022-05-28 20:58:06.303  INFO 2452 --- [    Test worker] account.AccountServiceApplication        : Starting AccountServiceApplication on Fractal with PID 2452 (started by Fractal in D:\RepositoryRoadToProfession\Account Service\Account Service\task)&#10;2022-05-28 20:58:06.308  INFO 2452 --- [    Test worker] account.AccountServiceApplication        : No active profile set, falling back to default profiles: default&#10;2022-05-28 20:58:07.489  INFO 2452 --- [    Test worker] .s.d.r.c.RepositoryConfigurationDelegate : Bootstrapping Spring Data JPA repositories in DEFERRED mode.&#10;2022-05-28 20:58:07.571  INFO 2452 --- [    Test worker] .s.d.r.c.RepositoryConfigurationDelegate : Finished Spring Data repository scanning in 71ms. Found 2 JPA repository interfaces.&#10;2022-05-28 20:58:08.283  INFO 2452 --- [    Test worker] o.s.b.w.embedded.tomcat.TomcatWebServer  : Tomcat initialized with port(s): 28852 (http)&#10;2022-05-28 20:58:08.292  INFO 2452 --- [    Test worker] o.apache.catalina.core.StandardService   : Starting service [Tomcat]&#10;2022-05-28 20:58:08.293  INFO 2452 --- [    Test worker] org.apache.catalina.core.StandardEngine  : Starting Servlet engine: [Apache Tomcat/9.0.36]&#10;2022-05-28 20:58:08.456  INFO 2452 --- [    Test worker] o.a.c.c.C.[Tomcat].[localhost].[/]       : Initializing Spring embedded WebApplicationContext&#10;2022-05-28 20:58:08.456  INFO 2452 --- [    Test worker] w.s.c.ServletWebServerApplicationContext : Root WebApplicationContext: initialization completed in 2074 ms&#10;2022-05-28 20:58:08.604  INFO 2452 --- [    Test worker] com.zaxxer.hikari.HikariDataSource       : HikariPool-1 - Starting...&#10;2022-05-28 20:58:08.845  INFO 2452 --- [    Test worker] com.zaxxer.hikari.HikariDataSource       : HikariPool-1 - Start completed.&#10;2022-05-28 20:58:08.866  INFO 2452 --- [    Test worker] o.s.b.a.h2.H2ConsoleAutoConfiguration    : H2 console available at '/h2-console'. Database available at 'jdbc:h2:file:../service_db'&#10;2022-05-28 20:58:09.028  INFO 2452 --- [    Test worker] o.s.s.concurrent.ThreadPoolTaskExecutor  : Initializing ExecutorService 'applicationTaskExecutor'&#10;2022-05-28 20:58:09.114  INFO 2452 --- [         task-1] o.hibernate.jpa.internal.util.LogHelper  : HHH000204: Processing PersistenceUnitInfo [name: default]&#10;2022-05-28 20:58:09.177  WARN 2452 --- [    Test worker] JpaBaseConfiguration$JpaWebConfiguration : spring.jpa.open-in-view is enabled by default. Therefore, database queries may be performed during view rendering. Explicitly configure spring.jpa.open-in-view to disable this warning&#10;2022-05-28 20:58:09.204  INFO 2452 --- [         task-1] org.hibernate.Version                    : HHH000412: Hibernate ORM core version 5.4.17.Final&#10;2022-05-28 20:58:09.427  INFO 2452 --- [         task-1] o.hibernate.annotations.common.Version   : HCANN000001: Hibernate Commons Annotations {5.1.0.Final}&#10;2022-05-28 20:58:09.443  INFO 2452 --- [    Test worker] o.s.s.web.DefaultSecurityFilterChain     : Creating filter chain: any request, [org.springframework.security.web.context.request.async.WebAsyncManagerIntegrationFilter@71fb8301, org.springframework.security.web.context.SecurityContextPersistenceFilter@101c15ad, org.springframework.security.web.header.HeaderWriterFilter@4ae49387, org.springframework.security.web.authentication.logout.LogoutFilter@f10d055, org.springframework.security.web.authentication.www.BasicAuthenticationFilter@58fbcb71, org.springframework.security.web.savedrequest.RequestCacheAwareFilter@5a466dd, org.springframework.security.web.servletapi.SecurityContextHolderAwareRequestFilter@1760e594, org.springframework.security.web.authentication.AnonymousAuthenticationFilter@7cdfa824, org.springframework.security.web.session.SessionManagementFilter@1aeff8ca, org.springframework.security.web.access.ExceptionTranslationFilter@16391278, org.springframework.security.web.access.intercept.FilterSecurityInterceptor@1c90029b]&#10;2022-05-28 20:58:09.615  INFO 2452 --- [         task-1] org.hibernate.dialect.Dialect            : HHH000400: Using dialect: org.hibernate.dialect.H2Dialect&#10;2022-05-28 20:58:10.717  INFO 2452 --- [         task-1] o.h.e.t.j.p.i.JtaPlatformInitiator       : HHH000490: Using JtaPlatform implementation: [org.hibernate.engine.transaction.jta.platform.internal.NoJtaPlatform]&#10;2022-05-28 20:58:10.727  INFO 2452 --- [         task-1] j.LocalContainerEntityManagerFactoryBean : Initialized JPA EntityManagerFactory for persistence unit 'default'&#10;2022-05-28 20:58:10.811  INFO 2452 --- [    Test worker] o.s.b.a.e.web.EndpointLinksResolver      : Exposing 14 endpoint(s) beneath base path '/actuator'&#10;2022-05-28 20:58:10.875  INFO 2452 --- [    Test worker] o.s.b.w.embedded.tomcat.TomcatWebServer  : Tomcat started on port(s): 28852 (http) with context path ''&#10;2022-05-28 20:58:10.876  INFO 2452 --- [    Test worker] DeferredRepositoryInitializationListener : Triggering deferred initialization of Spring Data repositories…&#10;2022-05-28 20:58:11.211  INFO 2452 --- [    Test worker] DeferredRepositoryInitializationListener : Spring Data repositories initialized!&#10;2022-05-28 20:58:11.223  INFO 2452 --- [    Test worker] account.AccountServiceApplication        : Started AccountServiceApplication in 5.293 seconds (JVM running for 6.343)&#10;2022-05-28 20:58:11.560  INFO 2452 --- [io-28852-exec-1] o.a.c.c.C.[Tomcat].[localhost].[/]       : Initializing Spring DispatcherServlet 'dispatcherServlet'&#10;2022-05-28 20:58:11.561  INFO 2452 --- [io-28852-exec-1] o.s.web.servlet.DispatcherServlet        : Initializing Servlet 'dispatcherServlet'&#10;2022-05-28 20:58:11.569  INFO 2452 --- [io-28852-exec-1] o.s.web.servlet.DispatcherServlet        : Completed initialization in 8 ms&#10;2022-05-28 20:58:11.744  WARN 2452 --- [io-28852-exec-1] .w.s.m.s.DefaultHandlerExceptionResolver : Resolved [org.springframework.web.bind.MethodArgumentNotValidException: Validation failed for argument [0] in public org.springframework.http.ResponseEntity&lt;account.entites.User&gt; account.controller.AuthController.registerUser(account.entites.User): [Field error in object 'user' on field 'username': rejected value []; codes [NotEmpty.user.username,NotEmpty.username,NotEmpty.java.lang.String,NotEmpty]; arguments [org.springframework.context.support.DefaultMessageSourceResolvable: codes [user.username,username]; arguments []; default message [username]]; default message [must not be empty]] ]&#10;2022-05-28 20:58:11.802  WARN 2452 --- [io-28852-exec-2] .w.s.m.s.DefaultHandlerExceptionResolver : Resolved [org.springframework.web.bind.MethodArgumentNotValidException: Validation failed for argument [0] in public org.springframework.http.ResponseEntity&lt;account.entites.User&gt; account.controller.AuthController.registerUser(account.entites.User): [Field error in object 'user' on field 'username': rejected value [null]; codes [NotEmpty.user.username,NotEmpty.username,NotEmpty.java.lang.String,NotEmpty]; arguments [org.springframework.context.support.DefaultMessageSourceResolvable: codes [user.username,username]; arguments []; default message [username]]; default message [must not be empty]] ]&#10;2022-05-28 20:58:11.812  WARN 2452 --- [io-28852-exec-3] .w.s.m.s.DefaultHandlerExceptionResolver : Resolved [org.springframework.web.bind.MethodArgumentNotValidException: Validation failed for argument [0] in public org.springframework.http.ResponseEntity&lt;account.entites.User&gt; account.controller.AuthController.registerUser(account.entites.User): [Field error in object 'user' on field 'lastname': rejected value []; codes [NotEmpty.user.lastname,NotEmpty.lastname,NotEmpty.java.lang.String,NotEmpty]; arguments [org.springframework.context.support.DefaultMessageSourceResolvable: codes [user.lastname,lastname]; arguments []; default message [lastname]]; default message [must not be empty]] ]&#10;2022-05-28 20:58:11.824  WARN 2452 --- [io-28852-exec-4] .w.s.m.s.DefaultHandlerExceptionResolver : Resolved [org.springframework.web.bind.MethodArgumentNotValidException: Validation failed for argument [0] in public org.springframework.http.ResponseEntity&lt;account.entites.User&gt; account.controller.AuthController.registerUser(account.entites.User): [Field error in object 'user' on field 'lastname': rejected value [null]; codes [NotEmpty.user.lastname,NotEmpty.lastname,NotEmpty.java.lang.String,NotEmpty]; arguments [org.springframework.context.support.DefaultMessageSourceResolvable: codes [user.lastname,lastname]; arguments []; default message [lastname]]; default message [must not be empty]] ]&#10;2022-05-28 20:58:11.840  WARN 2452 --- [io-28852-exec-5] .w.s.m.s.DefaultHandlerExceptionResolver : Resolved [org.springframework.web.bind.MethodArgumentNotValidException: Validation failed for argument [0] in public org.springframework.http.ResponseEntity&lt;account.entites.User&gt; account.controller.AuthController.registerUser(account.entites.User) with 2 errors: [Field error in object 'user' on field 'email': rejected value []; codes [Pattern.user.email,Pattern.email,Pattern.java.lang.String,Pattern]; arguments [org.springframework.context.support.DefaultMessageSourceResolvable: codes [user.email,email]; arguments []; default message [email],[Ljavax.validation.constraints.Pattern$Flag;@18a56f5e,^([\w-]+(?:\.[\w-]+)*)@(acme.com)$]; default message [must match &quot;^([\w-]+(?:\.[\w-]+)*)@(acme.com)$&quot;]] [Field error in object 'user' on field 'email': rejected value []; codes [NotBlank.user.email,NotBlank.email,NotBlank.java.lang.String,NotBlank]; arguments [org.springframework.context.support.DefaultMessageSourceResolvable: codes [user.email,email]; arguments []; default message [email]]; default message [must not be blank]] ]&#10;2022-05-28 20:58:11.851  WARN 2452 --- [io-28852-exec-6] .w.s.m.s.DefaultHandlerExceptionResolver : Resolved [org.springframework.web.bind.MethodArgumentNotValidException: Validation failed for argument [0] in public org.springframework.http.ResponseEntity&lt;account.entites.User&gt; account.controller.AuthController.registerUser(account.entites.User) with 2 errors: [Field error in object 'user' on field 'email': rejected value [null]; codes [NotBlank.user.email,NotBlank.email,NotBlank.java.lang.String,NotBlank]; arguments [org.springframework.context.support.DefaultMessageSourceResolvable: codes [user.email,email]; arguments []; default message [email]]; default message [must not be blank]] [Field error in object 'user' on field 'email': rejected value [null]; codes [NotNull.user.email,NotNull.email,NotNull.java.lang.String,NotNull]; arguments [org.springframework.context.support.DefaultMessageSourceResolvable: codes [user.email,email]; arguments []; default message [email]]; default message [must not be null]] ]&#10;2022-05-28 20:58:11.861  WARN 2452 --- [io-28852-exec-7] .w.s.m.s.DefaultHandlerExceptionResolver : Resolved [org.springframework.web.bind.MethodArgumentNotValidException: Validation failed for argument [0] in public org.springframework.http.ResponseEntity&lt;account.entites.User&gt; account.controller.AuthController.registerUser(account.entites.User): [Field error in object 'user' on field 'password': rejected value []; codes [NotBlank.user.password,NotBlank.password,NotBlank.java.lang.String,NotBlank]; arguments [org.springframework.context.support.DefaultMessageSourceResolvable: codes [user.password,password]; arguments []; default message [password]]; default message [must not be blank]] ]&#10;2022-05-28 20:58:11.872  WARN 2452 --- [io-28852-exec-8] .w.s.m.s.DefaultHandlerExceptionResolver : Resolved [org.springframework.web.bind.MethodArgumentNotValidException: Validation failed for argument [0] in public org.springframework.http.ResponseEntity&lt;account.entites.User&gt; account.controller.AuthController.registerUser(account.entites.User) with 2 errors: [Field error in object 'user' on field 'password': rejected value [null]; codes [NotNull.user.password,NotNull.password,NotNull.java.lang.String,NotNull]; arguments [org.springframework.context.support.DefaultMessageSourceResolvable: codes [user.password,password]; arguments []; default message [password]]; default message [must not be null]] [Field error in object 'user' on field 'password': rejected value [null]; codes [NotBlank.user.password,NotBlank.password,NotBlank.java.lang.String,NotBlank]; arguments [org.springframework.context.support.DefaultMessageSourceResolvable: codes [user.password,password]; arguments []; default message [password]]; default message [must not be blank]] ]&#10;2022-05-28 20:58:11.882  WARN 2452 --- [io-28852-exec-9] .w.s.m.s.DefaultHandlerExceptionResolver : Resolved [org.springframework.web.bind.MethodArgumentNotValidException: Validation failed for argument [0] in public org.springframework.http.ResponseEntity&lt;account.entites.User&gt; account.controller.AuthController.registerUser(account.entites.User): [Field error in object 'user' on field 'email': rejected value [johndoeacme.com]; codes [Pattern.user.email,Pattern.email,Pattern.java.lang.String,Pattern]; arguments [org.springframework.context.support.DefaultMessageSourceResolvable: codes [user.email,email]; arguments []; default message [email],[Ljavax.validation.constraints.Pattern$Flag;@18a56f5e,^([\w-]+(?:\.[\w-]+)*)@(acme.com)$]; default message [must match &quot;^([\w-]+(?:\.[\w-]+)*)@(acme.com)$&quot;]] ]&#10;2022-05-28 20:58:11.893  WARN 2452 --- [o-28852-exec-10] .w.s.m.s.DefaultHandlerExceptionResolver : Resolved [org.springframework.web.bind.MethodArgumentNotValidException: Validation failed for argument [0] in public org.springframework.http.ResponseEntity&lt;account.entites.User&gt; account.controller.AuthController.registerUser(account.entites.User): [Field error in object 'user' on field 'email': rejected value [johndoe@google.com]; codes [Pattern.user.email,Pattern.email,Pattern.java.lang.String,Pattern]; arguments [org.springframework.context.support.DefaultMessageSourceResolvable: codes [user.email,email]; arguments []; default message [email],[Ljavax.validation.constraints.Pattern$Flag;@18a56f5e,^([\w-]+(?:\.[\w-]+)*)@(acme.com)$]; default message [must match &quot;^([\w-]+(?:\.[\w-]+)*)@(acme.com)$&quot;]] ]&#10;2022-05-28 20:58:14.994  INFO 2452 --- [     Thread-336] j.LocalContainerEntityManagerFactoryBean : Closing JPA EntityManagerFactory for persistence unit 'default'&#10;2022-05-28 20:58:14.996  INFO 2452 --- [     Thread-336] o.s.s.concurrent.ThreadPoolTaskExecutor  : Shutting down ExecutorService 'applicationTaskExecutor'&#10;2022-05-28 20:58:14.997  INFO 2452 --- [     Thread-336] com.zaxxer.hikari.HikariDataSource       : HikariPool-1 - Shutdown initiated...&#10;2022-05-28 20:58:15.019  INFO 2452 --- [     Thread-336] com.zaxxer.hikari.HikariDataSource       : HikariPool-1 - Shutdown completed.&#10;&#10;  .   ____          _            __ _ _&#10; /\\ / ___'_ __ _ _(_)_ __  __ _ \ \ \ \&#10;( ( )\___ | '_ | '_| | '_ \/ _` | \ \ \ \&#10; \\/  ___)| |_)| | | | | || (_| |  ) ) ) )&#10;  '  |____| .__|_| |_|_| |_\__, | / / / /&#10; =========|_|==============|___/=/_/_/_/&#10; :: Spring Boot ::        (v2.3.1.RELEASE)&#10;&#10;2022-05-28 20:58:15.131  INFO 2452 --- [    Test worker] account.AccountServiceApplication        : Starting AccountServiceApplication on Fractal with PID 2452 (started by Fractal in D:\RepositoryRoadToProfession\Account Service\Account Service\task)&#10;2022-05-28 20:58:15.131  INFO 2452 --- [    Test worker] account.AccountServiceApplication        : No active profile set, falling back to default profiles: default&#10;2022-05-28 20:58:15.527  INFO 2452 --- [    Test worker] .s.d.r.c.RepositoryConfigurationDelegate : Bootstrapping Spring Data JPA repositories in DEFERRED mode.&#10;2022-05-28 20:58:15.539  INFO 2452 --- [    Test worker] .s.d.r.c.RepositoryConfigurationDelegate : Finished Spring Data repository scanning in 11ms. Found 2 JPA repository interfaces.&#10;2022-05-28 20:58:15.641  INFO 2452 --- [    Test worker] o.s.b.w.embedded.tomcat.TomcatWebServer  : Tomcat initialized with port(s): 28852 (http)&#10;2022-05-28 20:58:15.642  INFO 2452 --- [    Test worker] o.apache.catalina.core.StandardService   : Starting service [Tomcat]&#10;2022-05-28 20:58:15.642  INFO 2452 --- [    Test worker] org.apache.catalina.core.StandardEngine  : Starting Servlet engine: [Apache Tomcat/9.0.36]&#10;2022-05-28 20:58:15.686  INFO 2452 --- [    Test worker] o.a.c.c.C.[Tomcat].[localhost].[/]       : Initializing Spring embedded WebApplicationContext&#10;2022-05-28 20:58:15.686  INFO 2452 --- [    Test worker] w.s.c.ServletWebServerApplicationContext : Root WebApplicationContext: initialization completed in 552 ms&#10;2022-05-28 20:58:15.732  INFO 2452 --- [    Test worker] com.zaxxer.hikari.HikariDataSource       : HikariPool-2 - Starting...&#10;2022-05-28 20:58:15.744  INFO 2452 --- [    Test worker] com.zaxxer.hikari.HikariDataSource       : HikariPool-2 - Start completed.&#10;2022-05-28 20:58:15.744  INFO 2452 --- [    Test worker] o.s.b.a.h2.H2ConsoleAutoConfiguration    : H2 console available at '/h2-console'. Database available at 'jdbc:h2:file:../service_db'&#10;2022-05-28 20:58:15.813  INFO 2452 --- [    Test worker] o.s.s.concurrent.ThreadPoolTaskExecutor  : Initializing ExecutorService 'applicationTaskExecutor'&#10;2022-05-28 20:58:15.819  INFO 2452 --- [         task-1] o.hibernate.jpa.internal.util.LogHelper  : HHH000204: Processing PersistenceUnitInfo [name: default]&#10;2022-05-28 20:58:15.827  INFO 2452 --- [         task-1] org.hibernate.dialect.Dialect            : HHH000400: Using dialect: org.hibernate.dialect.H2Dialect&#10;2022-05-28 20:58:15.854  WARN 2452 --- [    Test worker] JpaBaseConfiguration$JpaWebConfiguration : spring.jpa.open-in-view is enabled by default. Therefore, database queries may be performed during view rendering. Explicitly configure spring.jpa.open-in-view to disable this warning&#10;2022-05-28 20:58:15.903  INFO 2452 --- [    Test worker] o.s.s.web.DefaultSecurityFilterChain     : Creating filter chain: any request, [org.springframework.security.web.context.request.async.WebAsyncManagerIntegrationFilter@6173863f, org.springframework.security.web.context.SecurityContextPersistenceFilter@6130a6f5, org.springframework.security.web.header.HeaderWriterFilter@25e24908, org.springframework.security.web.authentication.logout.LogoutFilter@4e35a219, org.springframework.security.web.authentication.www.BasicAuthenticationFilter@7772ec28, org.springframework.security.web.savedrequest.RequestCacheAwareFilter@3fb0d9de, org.springframework.security.web.servletapi.SecurityContextHolderAwareRequestFilter@8ad6d29, org.springframework.security.web.authentication.AnonymousAuthenticationFilter@a08e41b, org.springframework.security.web.session.SessionManagementFilter@2941631f, org.springframework.security.web.access.ExceptionTranslationFilter@67372d20, org.springframework.security.web.access.intercept.FilterSecurityInterceptor@c79915a]&#10;2022-05-28 20:58:15.915  INFO 2452 --- [         task-1] o.h.e.t.j.p.i.JtaPlatformInitiator       : HHH000490: Using JtaPlatform implementation: [org.hibernate.engine.transaction.jta.platform.internal.NoJtaPlatform]&#10;2022-05-28 20:58:15.916  INFO 2452 --- [         task-1] j.LocalContainerEntityManagerFactoryBean : Initialized JPA EntityManagerFactory for persistence unit 'default'&#10;2022-05-28 20:58:16.095  INFO 2452 --- [    Test worker] o.s.b.a.e.web.EndpointLinksResolver      : Exposing 14 endpoint(s) beneath base path '/actuator'&#10;2022-05-28 20:58:16.114  INFO 2452 --- [    Test worker] o.s.b.w.embedded.tomcat.TomcatWebServer  : Tomcat started on port(s): 28852 (http) with context path ''&#10;2022-05-28 20:58:16.115  INFO 2452 --- [    Test worker] DeferredRepositoryInitializationListener : Triggering deferred initialization of Spring Data repositories…&#10;2022-05-28 20:58:16.154  INFO 2452 --- [    Test worker] DeferredRepositoryInitializationListener : Spring Data repositories initialized!&#10;2022-05-28 20:58:16.160  INFO 2452 --- [    Test worker] account.AccountServiceApplication        : Started AccountServiceApplication in 1.085 seconds (JVM running for 11.28)&#10;2022-05-28 20:58:16.165  INFO 2452 --- [io-28852-exec-1] o.a.c.c.C.[Tomcat].[localhost].[/]       : Initializing Spring DispatcherServlet 'dispatcherServlet'&#10;2022-05-28 20:58:16.165  INFO 2452 --- [io-28852-exec-1] o.s.web.servlet.DispatcherServlet        : Initializing Servlet 'dispatcherServlet'&#10;2022-05-28 20:58:16.167  INFO 2452 --- [io-28852-exec-1] o.s.web.servlet.DispatcherServlet        : Completed initialization in 2 ms&#10;2022-05-28 20:58:17.693  INFO 2452 --- [     Thread-669] j.LocalContainerEntityManagerFactoryBean : Closing JPA EntityManagerFactory for persistence unit 'default'&#10;2022-05-28 20:58:17.694  INFO 2452 --- [     Thread-669] o.s.s.concurrent.ThreadPoolTaskExecutor  : Shutting down ExecutorService 'applicationTaskExecutor'&#10;2022-05-28 20:58:17.694  INFO 2452 --- [     Thread-669] com.zaxxer.hikari.HikariDataSource       : HikariPool-2 - Shutdown initiated...&#10;2022-05-28 20:58:17.714  INFO 2452 --- [     Thread-669] com.zaxxer.hikari.HikariDataSource       : HikariPool-2 - Shutdown completed.&#10;&#10;  .   ____          _            __ _ _&#10; /\\ / ___'_ __ _ _(_)_ __  __ _ \ \ \ \&#10;( ( )\___ | '_ | '_| | '_ \/ _` | \ \ \ \&#10; \\/  ___)| |_)| | | | | || (_| |  ) ) ) )&#10;  '  |____| .__|_| |_|_| |_\__, | / / / /&#10; =========|_|==============|___/=/_/_/_/&#10; :: Spring Boot ::        (v2.3.1.RELEASE)&#10;&#10;2022-05-28 20:58:17.802  INFO 2452 --- [    Test worker] account.AccountServiceApplication        : Starting AccountServiceApplication on Fractal with PID 2452 (started by Fractal in D:\RepositoryRoadToProfession\Account Service\Account Service\task)&#10;2022-05-28 20:58:17.802  INFO 2452 --- [    Test worker] account.AccountServiceApplication        : No active profile set, falling back to default profiles: default&#10;2022-05-28 20:58:18.173  INFO 2452 --- [    Test worker] .s.d.r.c.RepositoryConfigurationDelegate : Bootstrapping Spring Data JPA repositories in DEFERRED mode.&#10;2022-05-28 20:58:18.185  INFO 2452 --- [    Test worker] .s.d.r.c.RepositoryConfigurationDelegate : Finished Spring Data repository scanning in 11ms. Found 2 JPA repository interfaces.&#10;2022-05-28 20:58:18.281  INFO 2452 --- [    Test worker] o.s.b.w.embedded.tomcat.TomcatWebServer  : Tomcat initialized with port(s): 28852 (http)&#10;2022-05-28 20:58:18.282  INFO 2452 --- [    Test worker] o.apache.catalina.core.StandardService   : Starting service [Tomcat]&#10;2022-05-28 20:58:18.282  INFO 2452 --- [    Test worker] org.apache.catalina.core.StandardEngine  : Starting Servlet engine: [Apache Tomcat/9.0.36]&#10;2022-05-28 20:58:18.327  INFO 2452 --- [    Test worker] o.a.c.c.C.[Tomcat].[localhost].[/]       : Initializing Spring embedded WebApplicationContext&#10;2022-05-28 20:58:18.327  INFO 2452 --- [    Test worker] w.s.c.ServletWebServerApplicationContext : Root WebApplicationContext: initialization completed in 521 ms&#10;2022-05-28 20:58:18.372  INFO 2452 --- [    Test worker] com.zaxxer.hikari.HikariDataSource       : HikariPool-3 - Starting...&#10;2022-05-28 20:58:18.381  INFO 2452 --- [    Test worker] com.zaxxer.hikari.HikariDataSource       : HikariPool-3 - Start completed.&#10;2022-05-28 20:58:18.382  INFO 2452 --- [    Test worker] o.s.b.a.h2.H2ConsoleAutoConfiguration    : H2 console available at '/h2-console'. Database available at 'jdbc:h2:file:../service_db'&#10;2022-05-28 20:58:18.430  INFO 2452 --- [    Test worker] o.s.s.concurrent.ThreadPoolTaskExecutor  : Initializing ExecutorService 'applicationTaskExecutor'&#10;2022-05-28 20:58:18.435  INFO 2452 --- [         task-1] o.hibernate.jpa.internal.util.LogHelper  : HHH000204: Processing PersistenceUnitInfo [name: default]&#10;2022-05-28 20:58:18.442  INFO 2452 --- [         task-1] org.hibernate.dialect.Dialect            : HHH000400: Using dialect: org.hibernate.dialect.H2Dialect&#10;2022-05-28 20:58:18.470  WARN 2452 --- [    Test worker] JpaBaseConfiguration$JpaWebConfiguration : spring.jpa.open-in-view is enabled by default. Therefore, database queries may be performed during view rendering. Explicitly configure spring.jpa.open-in-view to disable this warning&#10;2022-05-28 20:58:18.509  INFO 2452 --- [         task-1] o.h.e.t.j.p.i.JtaPlatformInitiator       : HHH000490: Using JtaPlatform implementation: [org.hibernate.engine.transaction.jta.platform.internal.NoJtaPlatform]&#10;2022-05-28 20:58:18.510  INFO 2452 --- [         task-1] j.LocalContainerEntityManagerFactoryBean : Initialized JPA EntityManagerFactory for persistence unit 'default'&#10;2022-05-28 20:58:18.512  INFO 2452 --- [    Test worker] o.s.s.web.DefaultSecurityFilterChain     : Creating filter chain: any request, [org.springframework.security.web.context.request.async.WebAsyncManagerIntegrationFilter@3a61d819, org.springframework.security.web.context.SecurityContextPersistenceFilter@4d145177, org.springframework.security.web.header.HeaderWriterFilter@224e7aa5, org.springframework.security.web.authentication.logout.LogoutFilter@5687ade6, org.springframework.security.web.authentication.www.BasicAuthenticationFilter@7621c3f7, org.springframework.security.web.savedrequest.RequestCacheAwareFilter@1f57fa23, org.springframework.security.web.servletapi.SecurityContextHolderAwareRequestFilter@4e9d203e, org.springframework.security.web.authentication.AnonymousAuthenticationFilter@508abc74, org.springframework.security.web.session.SessionManagementFilter@89ff043, org.springframework.security.web.access.ExceptionTranslationFilter@2a4f1bc5, org.springframework.security.web.access.intercept.FilterSecurityInterceptor@1bca9b64]&#10;2022-05-28 20:58:18.697  INFO 2452 --- [    Test worker] o.s.b.a.e.web.EndpointLinksResolver      : Exposing 14 endpoint(s) beneath base path '/actuator'&#10;2022-05-28 20:58:18.715  INFO 2452 --- [    Test worker] o.s.b.w.embedded.tomcat.TomcatWebServer  : Tomcat started on port(s): 28852 (http) with context path ''&#10;2022-05-28 20:58:18.716  INFO 2452 --- [    Test worker] DeferredRepositoryInitializationListener : Triggering deferred initialization of Spring Data repositories…&#10;2022-05-28 20:58:18.754  INFO 2452 --- [    Test worker] DeferredRepositoryInitializationListener : Spring Data repositories initialized!&#10;2022-05-28 20:58:18.760  INFO 2452 --- [    Test worker] account.AccountServiceApplication        : Started AccountServiceApplication in 1.004 seconds (JVM running for 13.881)&#10;2022-05-28 20:58:18.765  INFO 2452 --- [io-28852-exec-1] o.a.c.c.C.[Tomcat].[localhost].[/]       : Initializing Spring DispatcherServlet 'dispatcherServlet'&#10;2022-05-28 20:58:18.766  INFO 2452 --- [io-28852-exec-1] o.s.web.servlet.DispatcherServlet        : Initializing Servlet 'dispatcherServlet'&#10;2022-05-28 20:58:18.768  INFO 2452 --- [io-28852-exec-1] o.s.web.servlet.DispatcherServlet        : Completed initialization in 2 ms" type="java.lang.AssertionError">java.lang.AssertionError: Wrong answer in test #47

The JSON element at path &quot;/roles/0&quot; should equal to &quot;ROLE_ACCOUNTANT&quot;, found &quot;ROLE_USER&quot;

Full JSON:
{
  &quot;id&quot;: 3,
  &quot;lastname&quot;: &quot;Ivanov&quot;,
  &quot;email&quot;: &quot;ivanivanov@acme.com&quot;,
  &quot;roles&quot;: [
    &quot;ROLE_USER&quot;,
    &quot;ROLE_ACCOUNTANT&quot;
  ],
  &quot;name&quot;: &quot;Ivan&quot;
}

Please find below the output of your program during this failed test.

---

.   ____          _            __ _ _
 /\\ / ___'_ __ _ _(_)_ __  __ _ \ \ \ \
( ( )\___ | '_ | '_| | '_ \/ _` | \ \ \ \
 \\/  ___)| |_)| | | | | || (_| |  ) ) ) )
  '  |____| .__|_| |_|_| |_\__, | / / / /
 =========|_|==============|___/=/_/_/_/
 :: Spring Boot ::        (v2.3.1.RELEASE)

2022-05-28 20:58:06.303  INFO 2452 --- [    Test worker] account.AccountServiceApplication        : Starting AccountServiceApplication on Fractal with PID 2452 (started by Fractal in D:\RepositoryRoadToProfession\Account Service\Account Service\task)
2022-05-28 20:58:06.308  INFO 2452 --- [    Test worker] account.AccountServiceApplication        : No active profile set, falling back to default profiles: default
2022-05-28 20:58:07.489  INFO 2452 --- [    Test worker] .s.d.r.c.RepositoryConfigurationDelegate : Bootstrapping Spring Data JPA repositories in DEFERRED mode.
2022-05-28 20:58:07.571  INFO 2452 --- [    Test worker] .s.d.r.c.RepositoryConfigurationDelegate : Finished Spring Data repository scanning in 71ms. Found 2 JPA repository interfaces.
2022-05-28 20:58:08.283  INFO 2452 --- [    Test worker] o.s.b.w.embedded.tomcat.TomcatWebServer  : Tomcat initialized with port(s): 28852 (http)
2022-05-28 20:58:08.292  INFO 2452 --- [    Test worker] o.apache.catalina.core.StandardService   : Starting service [Tomcat]
2022-05-28 20:58:08.293  INFO 2452 --- [    Test worker] org.apache.catalina.core.StandardEngine  : Starting Servlet engine: [Apache Tomcat/9.0.36]
2022-05-28 20:58:08.456  INFO 2452 --- [    Test worker] o.a.c.c.C.[Tomcat].[localhost].[/]       : Initializing Spring embedded WebApplicationContext
2022-05-28 20:58:08.456  INFO 2452 --- [    Test worker] w.s.c.ServletWebServerApplicationContext : Root WebApplicationContext: initialization completed in 2074 ms
2022-05-28 20:58:08.604  INFO 2452 --- [    Test worker] com.zaxxer.hikari.HikariDataSource       : HikariPool-1 - Starting...
2022-05-28 20:58:08.845  INFO 2452 --- [    Test worker] com.zaxxer.hikari.HikariDataSource       : HikariPool-1 - Start completed.
2022-05-28 20:58:08.866  INFO 2452 --- [    Test worker] o.s.b.a.h2.H2ConsoleAutoConfiguration    : H2 console available at '/h2-console'. Database available at 'jdbc:h2:file:../service_db'
2022-05-28 20:58:09.028  INFO 2452 --- [    Test worker] o.s.s.concurrent.ThreadPoolTaskExecutor  : Initializing ExecutorService 'applicationTaskExecutor'
2022-05-28 20:58:09.114  INFO 2452 --- [         task-1] o.hibernate.jpa.internal.util.LogHelper  : HHH000204: Processing PersistenceUnitInfo [name: default]
2022-05-28 20:58:09.177  WARN 2452 --- [    Test worker] JpaBaseConfiguration$JpaWebConfiguration : spring.jpa.open-in-view is enabled by default. Therefore, database queries may be performed during view rendering. Explicitly configure spring.jpa.open-in-view to disable this warning
2022-05-28 20:58:09.204  INFO 2452 --- [         task-1] org.hibernate.Version                    : HHH000412: Hibernate ORM core version 5.4.17.Final
2022-05-28 20:58:09.427  INFO 2452 --- [         task-1] o.hibernate.annotations.common.Version   : HCANN000001: Hibernate Commons Annotations {5.1.0.Final}
2022-05-28 20:58:09.443  INFO 2452 --- [    Test worker] o.s.s.web.DefaultSecurityFilterChain     : Creating filter chain: any request, [org.springframework.security.web.context.request.async.WebAsyncManagerIntegrationFilter@71fb8301, org.springframework.security.web.context.SecurityContextPersistenceFilter@101c15ad, org.springframework.security.web.header.HeaderWriterFilter@4ae49387, org.springframework.security.web.authentication.logout.LogoutFilter@f10d055, org.springframework.security.web.authentication.www.BasicAuthenticationFilter@58fbcb71, org.springframework.security.web.savedrequest.RequestCacheAwareFilter@5a466dd, org.springframework.security.web.servletapi.SecurityContextHolderAwareRequestFilter@1760e594, org.springframework.security.web.authentication.AnonymousAuthenticationFilter@7cdfa824, org.springframework.security.web.session.SessionManagementFilter@1aeff8ca, org.springframework.security.web.access.ExceptionTranslationFilter@16391278, org.springframework.security.web.access.intercept.FilterSecurityInterceptor@1c90029b]
2022-05-28 20:58:09.615  INFO 2452 --- [         task-1] org.hibernate.dialect.Dialect            : HHH000400: Using dialect: org.hibernate.dialect.H2Dialect
2022-05-28 20:58:10.717  INFO 2452 --- [         task-1] o.h.e.t.j.p.i.JtaPlatformInitiator       : HHH000490: Using JtaPlatform implementation: [org.hibernate.engine.transaction.jta.platform.internal.NoJtaPlatform]
2022-05-28 20:58:10.727  INFO 2452 --- [         task-1] j.LocalContainerEntityManagerFactoryBean : Initialized JPA EntityManagerFactory for persistence unit 'default'
2022-05-28 20:58:10.811  INFO 2452 --- [    Test worker] o.s.b.a.e.web.EndpointLinksResolver      : Exposing 14 endpoint(s) beneath base path '/actuator'
2022-05-28 20:58:10.875  INFO 2452 --- [    Test worker] o.s.b.w.embedded.tomcat.TomcatWebServer  : Tomcat started on port(s): 28852 (http) with context path ''
2022-05-28 20:58:10.876  INFO 2452 --- [    Test worker] DeferredRepositoryInitializationListener : Triggering deferred initialization of Spring Data repositories…
2022-05-28 20:58:11.211  INFO 2452 --- [    Test worker] DeferredRepositoryInitializationListener : Spring Data repositories initialized!
2022-05-28 20:58:11.223  INFO 2452 --- [    Test worker] account.AccountServiceApplication        : Started AccountServiceApplication in 5.293 seconds (JVM running for 6.343)
2022-05-28 20:58:11.560  INFO 2452 --- [io-28852-exec-1] o.a.c.c.C.[Tomcat].[localhost].[/]       : Initializing Spring DispatcherServlet 'dispatcherServlet'
2022-05-28 20:58:11.561  INFO 2452 --- [io-28852-exec-1] o.s.web.servlet.DispatcherServlet        : Initializing Servlet 'dispatcherServlet'
2022-05-28 20:58:11.569  INFO 2452 --- [io-28852-exec-1] o.s.web.servlet.DispatcherServlet        : Completed initialization in 8 ms
2022-05-28 20:58:11.744  WARN 2452 --- [io-28852-exec-1] .w.s.m.s.DefaultHandlerExceptionResolver : Resolved [org.springframework.web.bind.MethodArgumentNotValidException: Validation failed for argument [0] in public org.springframework.http.ResponseEntity&lt;account.entites.User&gt; account.controller.AuthController.registerUser(account.entites.User): [Field error in object 'user' on field 'username': rejected value []; codes [NotEmpty.user.username,NotEmpty.username,NotEmpty.java.lang.String,NotEmpty]; arguments [org.springframework.context.support.DefaultMessageSourceResolvable: codes [user.username,username]; arguments []; default message [username]]; default message [must not be empty]] ]
2022-05-28 20:58:11.802  WARN 2452 --- [io-28852-exec-2] .w.s.m.s.DefaultHandlerExceptionResolver : Resolved [org.springframework.web.bind.MethodArgumentNotValidException: Validation failed for argument [0] in public org.springframework.http.ResponseEntity&lt;account.entites.User&gt; account.controller.AuthController.registerUser(account.entites.User): [Field error in object 'user' on field 'username': rejected value [null]; codes [NotEmpty.user.username,NotEmpty.username,NotEmpty.java.lang.String,NotEmpty]; arguments [org.springframework.context.support.DefaultMessageSourceResolvable: codes [user.username,username]; arguments []; default message [username]]; default message [must not be empty]] ]
2022-05-28 20:58:11.812  WARN 2452 --- [io-28852-exec-3] .w.s.m.s.DefaultHandlerExceptionResolver : Resolved [org.springframework.web.bind.MethodArgumentNotValidException: Validation failed for argument [0] in public org.springframework.http.ResponseEntity&lt;account.entites.User&gt; account.controller.AuthController.registerUser(account.entites.User): [Field error in object 'user' on field 'lastname': rejected value []; codes [NotEmpty.user.lastname,NotEmpty.lastname,NotEmpty.java.lang.String,NotEmpty]; arguments [org.springframework.context.support.DefaultMessageSourceResolvable: codes [user.lastname,lastname]; arguments []; default message [lastname]]; default message [must not be empty]] ]
2022-05-28 20:58:11.824  WARN 2452 --- [io-28852-exec-4] .w.s.m.s.DefaultHandlerExceptionResolver : Resolved [org.springframework.web.bind.MethodArgumentNotValidException: Validation failed for argument [0] in public org.springframework.http.ResponseEntity&lt;account.entites.User&gt; account.controller.AuthController.registerUser(account.entites.User): [Field error in object 'user' on field 'lastname': rejected value [null]; codes [NotEmpty.user.lastname,NotEmpty.lastname,NotEmpty.java.lang.String,NotEmpty]; arguments [org.springframework.context.support.DefaultMessageSourceResolvable: codes [user.lastname,lastname]; arguments []; default message [lastname]]; default message [must not be empty]] ]
2022-05-28 20:58:11.840  WARN 2452 --- [io-28852-exec-5] .w.s.m.s.DefaultHandlerExceptionResolver : Resolved [org.springframework.web.bind.MethodArgumentNotValidException: Validation failed for argument [0] in public org.springframework.http.ResponseEntity&lt;account.entites.User&gt; account.controller.AuthController.registerUser(account.entites.User) with 2 errors: [Field error in object 'user' on field 'email': rejected value []; codes [Pattern.user.email,Pattern.email,Pattern.java.lang.String,Pattern]; arguments [org.springframework.context.support.DefaultMessageSourceResolvable: codes [user.email,email]; arguments []; default message [email],[Ljavax.validation.constraints.Pattern$Flag;@18a56f5e,^([\w-]+(?:\.[\w-]+)*)@(acme.com)$]; default message [must match &quot;^([\w-]+(?:\.[\w-]+)*)@(acme.com)$&quot;]] [Field error in object 'user' on field 'email': rejected value []; codes [NotBlank.user.email,NotBlank.email,NotBlank.java.lang.String,NotBlank]; arguments [org.springframework.context.support.DefaultMessageSourceResolvable: codes [user.email,email]; arguments []; default message [email]]; default message [must not be blank]] ]
2022-05-28 20:58:11.851  WARN 2452 --- [io-28852-exec-6] .w.s.m.s.DefaultHandlerExceptionResolver : Resolved [org.springframework.web.bind.MethodArgumentNotValidException: Validation failed for argument [0] in public org.springframework.http.ResponseEntity&lt;account.entites.User&gt; account.controller.AuthController.registerUser(account.entites.User) with 2 errors: [Field error in object 'user' on field 'email': rejected value [null]; codes [NotBlank.user.email,NotBlank.email,NotBlank.java.lang.String,NotBlank]; arguments [org.springframework.context.support.DefaultMessageSourceResolvable: codes [user.email,email]; arguments []; default message [email]]; default message [must not be blank]] [Field error in object 'user' on field 'email': rejected value [null]; codes [NotNull.user.email,NotNull.email,NotNull.java.lang.String,NotNull]; arguments [org.springframework.context.support.DefaultMessageSourceResolvable: codes [user.email,email]; arguments []; default message [email]]; default message [must not be null]] ]
2022-05-28 20:58:11.861  WARN 2452 --- [io-28852-exec-7] .w.s.m.s.DefaultHandlerExceptionResolver : Resolved [org.springframework.web.bind.MethodArgumentNotValidException: Validation failed for argument [0] in public org.springframework.http.ResponseEntity&lt;account.entites.User&gt; account.controller.AuthController.registerUser(account.entites.User): [Field error in object 'user' on field 'password': rejected value []; codes [NotBlank.user.password,NotBlank.password,NotBlank.java.lang.String,NotBlank]; arguments [org.springframework.context.support.DefaultMessageSourceResolvable: codes [user.password,password]; arguments []; default message [password]]; default message [must not be blank]] ]
2022-05-28 20:58:11.872  WARN 2452 --- [io-28852-exec-8] .w.s.m.s.DefaultHandlerExceptionResolver : Resolved [org.springframework.web.bind.MethodArgumentNotValidException: Validation failed for argument [0] in public org.springframework.http.ResponseEntity&lt;account.entites.User&gt; account.controller.AuthController.registerUser(account.entites.User) with 2 errors: [Field error in object 'user' on field 'password': rejected value [null]; codes [NotNull.user.password,NotNull.password,NotNull.java.lang.String,NotNull]; arguments [org.springframework.context.support.DefaultMessageSourceResolvable: codes [user.password,password]; arguments []; default message [password]]; default message [must not be null]] [Field error in object 'user' on field 'password': rejected value [null]; codes [NotBlank.user.password,NotBlank.password,NotBlank.java.lang.String,NotBlank]; arguments [org.springframework.context.support.DefaultMessageSourceResolvable: codes [user.password,password]; arguments []; default message [password]]; default message [must not be blank]] ]
2022-05-28 20:58:11.882  WARN 2452 --- [io-28852-exec-9] .w.s.m.s.DefaultHandlerExceptionResolver : Resolved [org.springframework.web.bind.MethodArgumentNotValidException: Validation failed for argument [0] in public org.springframework.http.ResponseEntity&lt;account.entites.User&gt; account.controller.AuthController.registerUser(account.entites.User): [Field error in object 'user' on field 'email': rejected value [johndoeacme.com]; codes [Pattern.user.email,Pattern.email,Pattern.java.lang.String,Pattern]; arguments [org.springframework.context.support.DefaultMessageSourceResolvable: codes [user.email,email]; arguments []; default message [email],[Ljavax.validation.constraints.Pattern$Flag;@18a56f5e,^([\w-]+(?:\.[\w-]+)*)@(acme.com)$]; default message [must match &quot;^([\w-]+(?:\.[\w-]+)*)@(acme.com)$&quot;]] ]
2022-05-28 20:58:11.893  WARN 2452 --- [o-28852-exec-10] .w.s.m.s.DefaultHandlerExceptionResolver : Resolved [org.springframework.web.bind.MethodArgumentNotValidException: Validation failed for argument [0] in public org.springframework.http.ResponseEntity&lt;account.entites.User&gt; account.controller.AuthController.registerUser(account.entites.User): [Field error in object 'user' on field 'email': rejected value [johndoe@google.com]; codes [Pattern.user.email,Pattern.email,Pattern.java.lang.String,Pattern]; arguments [org.springframework.context.support.DefaultMessageSourceResolvable: codes [user.email,email]; arguments []; default message [email],[Ljavax.validation.constraints.Pattern$Flag;@18a56f5e,^([\w-]+(?:\.[\w-]+)*)@(acme.com)$]; default message [must match &quot;^([\w-]+(?:\.[\w-]+)*)@(acme.com)$&quot;]] ]
2022-05-28 20:58:14.994  INFO 2452 --- [     Thread-336] j.LocalContainerEntityManagerFactoryBean : Closing JPA EntityManagerFactory for persistence unit 'default'
2022-05-28 20:58:14.996  INFO 2452 --- [     Thread-336] o.s.s.concurrent.ThreadPoolTaskExecutor  : Shutting down ExecutorService 'applicationTaskExecutor'
2022-05-28 20:58:14.997  INFO 2452 --- [     Thread-336] com.zaxxer.hikari.HikariDataSource       : HikariPool-1 - Shutdown initiated...
2022-05-28 20:58:15.019  INFO 2452 --- [     Thread-336] com.zaxxer.hikari.HikariDataSource       : HikariPool-1 - Shutdown completed.

  .   ____          _            __ _ _
 /\\ / ___'_ __ _ _(_)_ __  __ _ \ \ \ \
( ( )\___ | '_ | '_| | '_ \/ _` | \ \ \ \
 \\/  ___)| |_)| | | | | || (_| |  ) ) ) )
  '  |____| .__|_| |_|_| |_\__, | / / / /
 =========|_|==============|___/=/_/_/_/
 :: Spring Boot ::        (v2.3.1.RELEASE)

2022-05-28 20:58:15.131  INFO 2452 --- [    Test worker] account.AccountServiceApplication        : Starting AccountServiceApplication on Fractal with PID 2452 (started by Fractal in D:\RepositoryRoadToProfession\Account Service\Account Service\task)
2022-05-28 20:58:15.131  INFO 2452 --- [    Test worker] account.AccountServiceApplication        : No active profile set, falling back to default profiles: default
2022-05-28 20:58:15.527  INFO 2452 --- [    Test worker] .s.d.r.c.RepositoryConfigurationDelegate : Bootstrapping Spring Data JPA repositories in DEFERRED mode.
2022-05-28 20:58:15.539  INFO 2452 --- [    Test worker] .s.d.r.c.RepositoryConfigurationDelegate : Finished Spring Data repository scanning in 11ms. Found 2 JPA repository interfaces.
2022-05-28 20:58:15.641  INFO 2452 --- [    Test worker] o.s.b.w.embedded.tomcat.TomcatWebServer  : Tomcat initialized with port(s): 28852 (http)
2022-05-28 20:58:15.642  INFO 2452 --- [    Test worker] o.apache.catalina.core.StandardService   : Starting service [Tomcat]
2022-05-28 20:58:15.642  INFO 2452 --- [    Test worker] org.apache.catalina.core.StandardEngine  : Starting Servlet engine: [Apache Tomcat/9.0.36]
2022-05-28 20:58:15.686  INFO 2452 --- [    Test worker] o.a.c.c.C.[Tomcat].[localhost].[/]       : Initializing Spring embedded WebApplicationContext
2022-05-28 20:58:15.686  INFO 2452 --- [    Test worker] w.s.c.ServletWebServerApplicationContext : Root WebApplicationContext: initialization completed in 552 ms
2022-05-28 20:58:15.732  INFO 2452 --- [    Test worker] com.zaxxer.hikari.HikariDataSource       : HikariPool-2 - Starting...
2022-05-28 20:58:15.744  INFO 2452 --- [    Test worker] com.zaxxer.hikari.HikariDataSource       : HikariPool-2 - Start completed.
2022-05-28 20:58:15.744  INFO 2452 --- [    Test worker] o.s.b.a.h2.H2ConsoleAutoConfiguration    : H2 console available at '/h2-console'. Database available at 'jdbc:h2:file:../service_db'
2022-05-28 20:58:15.813  INFO 2452 --- [    Test worker] o.s.s.concurrent.ThreadPoolTaskExecutor  : Initializing ExecutorService 'applicationTaskExecutor'
2022-05-28 20:58:15.819  INFO 2452 --- [         task-1] o.hibernate.jpa.internal.util.LogHelper  : HHH000204: Processing PersistenceUnitInfo [name: default]
2022-05-28 20:58:15.827  INFO 2452 --- [         task-1] org.hibernate.dialect.Dialect            : HHH000400: Using dialect: org.hibernate.dialect.H2Dialect
2022-05-28 20:58:15.854  WARN 2452 --- [    Test worker] JpaBaseConfiguration$JpaWebConfiguration : spring.jpa.open-in-view is enabled by default. Therefore, database queries may be performed during view rendering. Explicitly configure spring.jpa.open-in-view to disable this warning
2022-05-28 20:58:15.903  INFO 2452 --- [    Test worker] o.s.s.web.DefaultSecurityFilterChain     : Creating filter chain: any request, [org.springframework.security.web.context.request.async.WebAsyncManagerIntegrationFilter@6173863f, org.springframework.security.web.context.SecurityContextPersistenceFilter@6130a6f5, org.springframework.security.web.header.HeaderWriterFilter@25e24908, org.springframework.security.web.authentication.logout.LogoutFilter@4e35a219, org.springframework.security.web.authentication.www.BasicAuthenticationFilter@7772ec28, org.springframework.security.web.savedrequest.RequestCacheAwareFilter@3fb0d9de, org.springframework.security.web.servletapi.SecurityContextHolderAwareRequestFilter@8ad6d29, org.springframework.security.web.authentication.AnonymousAuthenticationFilter@a08e41b, org.springframework.security.web.session.SessionManagementFilter@2941631f, org.springframework.security.web.access.ExceptionTranslationFilter@67372d20, org.springframework.security.web.access.intercept.FilterSecurityInterceptor@c79915a]
2022-05-28 20:58:15.915  INFO 2452 --- [         task-1] o.h.e.t.j.p.i.JtaPlatformInitiator       : HHH000490: Using JtaPlatform implementation: [org.hibernate.engine.transaction.jta.platform.internal.NoJtaPlatform]
2022-05-28 20:58:15.916  INFO 2452 --- [         task-1] j.LocalContainerEntityManagerFactoryBean : Initialized JPA EntityManagerFactory for persistence unit 'default'
2022-05-28 20:58:16.095  INFO 2452 --- [    Test worker] o.s.b.a.e.web.EndpointLinksResolver      : Exposing 14 endpoint(s) beneath base path '/actuator'
2022-05-28 20:58:16.114  INFO 2452 --- [    Test worker] o.s.b.w.embedded.tomcat.TomcatWebServer  : Tomcat started on port(s): 28852 (http) with context path ''
2022-05-28 20:58:16.115  INFO 2452 --- [    Test worker] DeferredRepositoryInitializationListener : Triggering deferred initialization of Spring Data repositories…
2022-05-28 20:58:16.154  INFO 2452 --- [    Test worker] DeferredRepositoryInitializationListener : Spring Data repositories initialized!
2022-05-28 20:58:16.160  INFO 2452 --- [    Test worker] account.AccountServiceApplication        : Started AccountServiceApplication in 1.085 seconds (JVM running for 11.28)
2022-05-28 20:58:16.165  INFO 2452 --- [io-28852-exec-1] o.a.c.c.C.[Tomcat].[localhost].[/]       : Initializing Spring DispatcherServlet 'dispatcherServlet'
2022-05-28 20:58:16.165  INFO 2452 --- [io-28852-exec-1] o.s.web.servlet.DispatcherServlet        : Initializing Servlet 'dispatcherServlet'
2022-05-28 20:58:16.167  INFO 2452 --- [io-28852-exec-1] o.s.web.servlet.DispatcherServlet        : Completed initialization in 2 ms
2022-05-28 20:58:17.693  INFO 2452 --- [     Thread-669] j.LocalContainerEntityManagerFactoryBean : Closing JPA EntityManagerFactory for persistence unit 'default'
2022-05-28 20:58:17.694  INFO 2452 --- [     Thread-669] o.s.s.concurrent.ThreadPoolTaskExecutor  : Shutting down ExecutorService 'applicationTaskExecutor'
2022-05-28 20:58:17.694  INFO 2452 --- [     Thread-669] com.zaxxer.hikari.HikariDataSource       : HikariPool-2 - Shutdown initiated...
2022-05-28 20:58:17.714  INFO 2452 --- [     Thread-669] com.zaxxer.hikari.HikariDataSource       : HikariPool-2 - Shutdown completed.

  .   ____          _            __ _ _
 /\\ / ___'_ __ _ _(_)_ __  __ _ \ \ \ \
( ( )\___ | '_ | '_| | '_ \/ _` | \ \ \ \
 \\/  ___)| |_)| | | | | || (_| |  ) ) ) )
  '  |____| .__|_| |_|_| |_\__, | / / / /
 =========|_|==============|___/=/_/_/_/
 :: Spring Boot ::        (v2.3.1.RELEASE)

2022-05-28 20:58:17.802  INFO 2452 --- [    Test worker] account.AccountServiceApplication        : Starting AccountServiceApplication on Fractal with PID 2452 (started by Fractal in D:\RepositoryRoadToProfession\Account Service\Account Service\task)
2022-05-28 20:58:17.802  INFO 2452 --- [    Test worker] account.AccountServiceApplication        : No active profile set, falling back to default profiles: default
2022-05-28 20:58:18.173  INFO 2452 --- [    Test worker] .s.d.r.c.RepositoryConfigurationDelegate : Bootstrapping Spring Data JPA repositories in DEFERRED mode.
2022-05-28 20:58:18.185  INFO 2452 --- [    Test worker] .s.d.r.c.RepositoryConfigurationDelegate : Finished Spring Data repository scanning in 11ms. Found 2 JPA repository interfaces.
2022-05-28 20:58:18.281  INFO 2452 --- [    Test worker] o.s.b.w.embedded.tomcat.TomcatWebServer  : Tomcat initialized with port(s): 28852 (http)
2022-05-28 20:58:18.282  INFO 2452 --- [    Test worker] o.apache.catalina.core.StandardService   : Starting service [Tomcat]
2022-05-28 20:58:18.282  INFO 2452 --- [    Test worker] org.apache.catalina.core.StandardEngine  : Starting Servlet engine: [Apache Tomcat/9.0.36]
2022-05-28 20:58:18.327  INFO 2452 --- [    Test worker] o.a.c.c.C.[Tomcat].[localhost].[/]       : Initializing Spring embedded WebApplicationContext
2022-05-28 20:58:18.327  INFO 2452 --- [    Test worker] w.s.c.ServletWebServerApplicationContext : Root WebApplicationContext: initialization completed in 521 ms
2022-05-28 20:58:18.372  INFO 2452 --- [    Test worker] com.zaxxer.hikari.HikariDataSource       : HikariPool-3 - Starting...
2022-05-28 20:58:18.381  INFO 2452 --- [    Test worker] com.zaxxer.hikari.HikariDataSource       : HikariPool-3 - Start completed.
2022-05-28 20:58:18.382  INFO 2452 --- [    Test worker] o.s.b.a.h2.H2ConsoleAutoConfiguration    : H2 console available at '/h2-console'. Database available at 'jdbc:h2:file:../service_db'
2022-05-28 20:58:18.430  INFO 2452 --- [    Test worker] o.s.s.concurrent.ThreadPoolTaskExecutor  : Initializing ExecutorService 'applicationTaskExecutor'
2022-05-28 20:58:18.435  INFO 2452 --- [         task-1] o.hibernate.jpa.internal.util.LogHelper  : HHH000204: Processing PersistenceUnitInfo [name: default]
2022-05-28 20:58:18.442  INFO 2452 --- [         task-1] org.hibernate.dialect.Dialect            : HHH000400: Using dialect: org.hibernate.dialect.H2Dialect
2022-05-28 20:58:18.470  WARN 2452 --- [    Test worker] JpaBaseConfiguration$JpaWebConfiguration : spring.jpa.open-in-view is enabled by default. Therefore, database queries may be performed during view rendering. Explicitly configure spring.jpa.open-in-view to disable this warning
2022-05-28 20:58:18.509  INFO 2452 --- [         task-1] o.h.e.t.j.p.i.JtaPlatformInitiator       : HHH000490: Using JtaPlatform implementation: [org.hibernate.engine.transaction.jta.platform.internal.NoJtaPlatform]
2022-05-28 20:58:18.510  INFO 2452 --- [         task-1] j.LocalContainerEntityManagerFactoryBean : Initialized JPA EntityManagerFactory for persistence unit 'default'
2022-05-28 20:58:18.512  INFO 2452 --- [    Test worker] o.s.s.web.DefaultSecurityFilterChain     : Creating filter chain: any request, [org.springframework.security.web.context.request.async.WebAsyncManagerIntegrationFilter@3a61d819, org.springframework.security.web.context.SecurityContextPersistenceFilter@4d145177, org.springframework.security.web.header.HeaderWriterFilter@224e7aa5, org.springframework.security.web.authentication.logout.LogoutFilter@5687ade6, org.springframework.security.web.authentication.www.BasicAuthenticationFilter@7621c3f7, org.springframework.security.web.savedrequest.RequestCacheAwareFilter@1f57fa23, org.springframework.security.web.servletapi.SecurityContextHolderAwareRequestFilter@4e9d203e, org.springframework.security.web.authentication.AnonymousAuthenticationFilter@508abc74, org.springframework.security.web.session.SessionManagementFilter@89ff043, org.springframework.security.web.access.ExceptionTranslationFilter@2a4f1bc5, org.springframework.security.web.access.intercept.FilterSecurityInterceptor@1bca9b64]
2022-05-28 20:58:18.697  INFO 2452 --- [    Test worker] o.s.b.a.e.web.EndpointLinksResolver      : Exposing 14 endpoint(s) beneath base path '/actuator'
2022-05-28 20:58:18.715  INFO 2452 --- [    Test worker] o.s.b.w.embedded.tomcat.TomcatWebServer  : Tomcat started on port(s): 28852 (http) with context path ''
2022-05-28 20:58:18.716  INFO 2452 --- [    Test worker] DeferredRepositoryInitializationListener : Triggering deferred initialization of Spring Data repositories…
2022-05-28 20:58:18.754  INFO 2452 --- [    Test worker] DeferredRepositoryInitializationListener : Spring Data repositories initialized!
2022-05-28 20:58:18.760  INFO 2452 --- [    Test worker] account.AccountServiceApplication        : Started AccountServiceApplication in 1.004 seconds (JVM running for 13.881)
2022-05-28 20:58:18.765  INFO 2452 --- [io-28852-exec-1] o.a.c.c.C.[Tomcat].[localhost].[/]       : Initializing Spring DispatcherServlet 'dispatcherServlet'
2022-05-28 20:58:18.766  INFO 2452 --- [io-28852-exec-1] o.s.web.servlet.DispatcherServlet        : Initializing Servlet 'dispatcherServlet'
2022-05-28 20:58:18.768  INFO 2452 --- [io-28852-exec-1] o.s.web.servlet.DispatcherServlet        : Completed initialization in 2 ms
	at org.junit.Assert.fail(Assert.java:89)
	at org.hyperskill.hstest.stage.StageTest.start(StageTest.java:155)
	at java.base/jdk.internal.reflect.NativeMethodAccessorImpl.invoke0(Native Method)
	at java.base/jdk.internal.reflect.NativeMethodAccessorImpl.invoke(NativeMethodAccessorImpl.java:77)
	at java.base/jdk.internal.reflect.DelegatingMethodAccessorImpl.invoke(DelegatingMethodAccessorImpl.java:43)
	at java.base/java.lang.reflect.Method.invoke(Method.java:568)
	at org.junit.runners.model.FrameworkMethod$1.runReflectiveCall(FrameworkMethod.java:59)
	at org.junit.internal.runners.model.ReflectiveCallable.run(ReflectiveCallable.java:12)
	at org.junit.runners.model.FrameworkMethod.invokeExplosively(FrameworkMethod.java:56)
	at org.junit.internal.runners.statements.InvokeMethod.evaluate(InvokeMethod.java:17)
	at org.junit.internal.runners.statements.RunAfters.evaluate(RunAfters.java:27)
	at org.junit.runners.ParentRunner$3.evaluate(ParentRunner.java:306)
	at org.junit.runners.BlockJUnit4ClassRunner$1.evaluate(BlockJUnit4ClassRunner.java:100)
	at org.junit.runners.ParentRunner.runLeaf(ParentRunner.java:366)
	at org.junit.runners.BlockJUnit4ClassRunner.runChild(BlockJUnit4ClassRunner.java:103)
	at org.junit.runners.BlockJUnit4ClassRunner.runChild(BlockJUnit4ClassRunner.java:63)
	at org.junit.runners.ParentRunner$4.run(ParentRunner.java:331)
	at org.junit.runners.ParentRunner$1.schedule(ParentRunner.java:79)
	at org.junit.runners.ParentRunner.runChildren(ParentRunner.java:329)
	at org.junit.runners.ParentRunner.access$100(ParentRunner.java:66)
	at org.junit.runners.ParentRunner$2.evaluate(ParentRunner.java:293)
	at org.junit.runners.ParentRunner$3.evaluate(ParentRunner.java:306)
	at org.junit.runners.ParentRunner.run(ParentRunner.java:413)
	at org.gradle.api.internal.tasks.testing.junit.JUnitTestClassExecutor.runTestClass(JUnitTestClassExecutor.java:110)
	at org.gradle.api.internal.tasks.testing.junit.JUnitTestClassExecutor.execute(JUnitTestClassExecutor.java:58)
	at org.gradle.api.internal.tasks.testing.junit.JUnitTestClassExecutor.execute(JUnitTestClassExecutor.java:38)
	at org.gradle.api.internal.tasks.testing.junit.AbstractJUnitTestClassProcessor.processTestClass(AbstractJUnitTestClassProcessor.java:62)
	at org.gradle.api.internal.tasks.testing.SuiteTestClassProcessor.processTestClass(SuiteTestClassProcessor.java:51)
	at java.base/jdk.internal.reflect.NativeMethodAccessorImpl.invoke0(Native Method)
	at java.base/jdk.internal.reflect.NativeMethodAccessorImpl.invoke(NativeMethodAccessorImpl.java:77)
	at java.base/jdk.internal.reflect.DelegatingMethodAccessorImpl.invoke(DelegatingMethodAccessorImpl.java:43)
	at java.base/java.lang.reflect.Method.invoke(Method.java:568)
	at org.gradle.internal.dispatch.ReflectionDispatch.dispatch(ReflectionDispatch.java:36)
	at org.gradle.internal.dispatch.ReflectionDispatch.dispatch(ReflectionDispatch.java:24)
	at org.gradle.internal.dispatch.ContextClassLoaderDispatch.dispatch(ContextClassLoaderDispatch.java:33)
	at org.gradle.internal.dispatch.ProxyDispatchAdapter$DispatchingInvocationHandler.invoke(ProxyDispatchAdapter.java:94)
	at jdk.proxy1/jdk.proxy1.$Proxy2.processTestClass(Unknown Source)
	at org.gradle.api.internal.tasks.testing.worker.TestWorker$2.run(TestWorker.java:176)
	at org.gradle.api.internal.tasks.testing.worker.TestWorker.executeAndMaintainThreadName(TestWorker.java:129)
	at org.gradle.api.internal.tasks.testing.worker.TestWorker.execute(TestWorker.java:100)
	at org.gradle.api.internal.tasks.testing.worker.TestWorker.execute(TestWorker.java:60)
	at org.gradle.process.internal.worker.child.ActionExecutionWorker.execute(ActionExecutionWorker.java:56)
	at org.gradle.process.internal.worker.child.SystemApplicationClassLoaderWorker.call(SystemApplicationClassLoaderWorker.java:133)
	at org.gradle.process.internal.worker.child.SystemApplicationClassLoaderWorker.call(SystemApplicationClassLoaderWorker.java:71)
	at worker.org.gradle.process.internal.worker.GradleWorkerMain.run(GradleWorkerMain.java:69)
	at worker.org.gradle.process.internal.worker.GradleWorkerMain.main(GradleWorkerMain.java:74)
</failure>
  </testcase>
  <system-out><![CDATA[?[1;31m
Start test 1?[0m

  .   ____          _            __ _ _
 /\\ / ___'_ __ _ _(_)_ __  __ _ \ \ \ \
( ( )\___ | '_ | '_| | '_ \/ _` | \ \ \ \
 \\/  ___)| |_)| | | | | || (_| |  ) ) ) )
  '  |____| .__|_| |_|_| |_\__, | / / / /
 =========|_|==============|___/=/_/_/_/
 :: Spring Boot ::        (v2.3.1.RELEASE)

2022-05-28 20:58:06.303  INFO 2452 --- [    Test worker] account.AccountServiceApplication        : Starting AccountServiceApplication on Fractal with PID 2452 (started by Fractal in D:\RepositoryRoadToProfession\Account Service\Account Service\task)
2022-05-28 20:58:06.308  INFO 2452 --- [    Test worker] account.AccountServiceApplication        : No active profile set, falling back to default profiles: default
2022-05-28 20:58:07.489  INFO 2452 --- [    Test worker] .s.d.r.c.RepositoryConfigurationDelegate : Bootstrapping Spring Data JPA repositories in DEFERRED mode.
2022-05-28 20:58:07.571  INFO 2452 --- [    Test worker] .s.d.r.c.RepositoryConfigurationDelegate : Finished Spring Data repository scanning in 71ms. Found 2 JPA repository interfaces.
2022-05-28 20:58:08.283  INFO 2452 --- [    Test worker] o.s.b.w.embedded.tomcat.TomcatWebServer  : Tomcat initialized with port(s): 28852 (http)
2022-05-28 20:58:08.292  INFO 2452 --- [    Test worker] o.apache.catalina.core.StandardService   : Starting service [Tomcat]
2022-05-28 20:58:08.293  INFO 2452 --- [    Test worker] org.apache.catalina.core.StandardEngine  : Starting Servlet engine: [Apache Tomcat/9.0.36]
2022-05-28 20:58:08.456  INFO 2452 --- [    Test worker] o.a.c.c.C.[Tomcat].[localhost].[/]       : Initializing Spring embedded WebApplicationContext
2022-05-28 20:58:08.456  INFO 2452 --- [    Test worker] w.s.c.ServletWebServerApplicationContext : Root WebApplicationContext: initialization completed in 2074 ms
2022-05-28 20:58:08.604  INFO 2452 --- [    Test worker] com.zaxxer.hikari.HikariDataSource       : HikariPool-1 - Starting...
2022-05-28 20:58:08.845  INFO 2452 --- [    Test worker] com.zaxxer.hikari.HikariDataSource       : HikariPool-1 - Start completed.
2022-05-28 20:58:08.866  INFO 2452 --- [    Test worker] o.s.b.a.h2.H2ConsoleAutoConfiguration    : H2 console available at '/h2-console'. Database available at 'jdbc:h2:file:../service_db'
2022-05-28 20:58:09.028  INFO 2452 --- [    Test worker] o.s.s.concurrent.ThreadPoolTaskExecutor  : Initializing ExecutorService 'applicationTaskExecutor'
2022-05-28 20:58:09.114  INFO 2452 --- [         task-1] o.hibernate.jpa.internal.util.LogHelper  : HHH000204: Processing PersistenceUnitInfo [name: default]
2022-05-28 20:58:09.177  WARN 2452 --- [    Test worker] JpaBaseConfiguration$JpaWebConfiguration : spring.jpa.open-in-view is enabled by default. Therefore, database queries may be performed during view rendering. Explicitly configure spring.jpa.open-in-view to disable this warning
2022-05-28 20:58:09.204  INFO 2452 --- [         task-1] org.hibernate.Version                    : HHH000412: Hibernate ORM core version 5.4.17.Final
2022-05-28 20:58:09.427  INFO 2452 --- [         task-1] o.hibernate.annotations.common.Version   : HCANN000001: Hibernate Commons Annotations {5.1.0.Final}
2022-05-28 20:58:09.443  INFO 2452 --- [    Test worker] o.s.s.web.DefaultSecurityFilterChain     : Creating filter chain: any request, [org.springframework.security.web.context.request.async.WebAsyncManagerIntegrationFilter@71fb8301, org.springframework.security.web.context.SecurityContextPersistenceFilter@101c15ad, org.springframework.security.web.header.HeaderWriterFilter@4ae49387, org.springframework.security.web.authentication.logout.LogoutFilter@f10d055, org.springframework.security.web.authentication.www.BasicAuthenticationFilter@58fbcb71, org.springframework.security.web.savedrequest.RequestCacheAwareFilter@5a466dd, org.springframework.security.web.servletapi.SecurityContextHolderAwareRequestFilter@1760e594, org.springframework.security.web.authentication.AnonymousAuthenticationFilter@7cdfa824, org.springframework.security.web.session.SessionManagementFilter@1aeff8ca, org.springframework.security.web.access.ExceptionTranslationFilter@16391278, org.springframework.security.web.access.intercept.FilterSecurityInterceptor@1c90029b]
2022-05-28 20:58:09.615  INFO 2452 --- [         task-1] org.hibernate.dialect.Dialect            : HHH000400: Using dialect: org.hibernate.dialect.H2Dialect
2022-05-28 20:58:10.717  INFO 2452 --- [         task-1] o.h.e.t.j.p.i.JtaPlatformInitiator       : HHH000490: Using JtaPlatform implementation: [org.hibernate.engine.transaction.jta.platform.internal.NoJtaPlatform]
2022-05-28 20:58:10.727  INFO 2452 --- [         task-1] j.LocalContainerEntityManagerFactoryBean : Initialized JPA EntityManagerFactory for persistence unit 'default'
2022-05-28 20:58:10.811  INFO 2452 --- [    Test worker] o.s.b.a.e.web.EndpointLinksResolver      : Exposing 14 endpoint(s) beneath base path '/actuator'
2022-05-28 20:58:10.875  INFO 2452 --- [    Test worker] o.s.b.w.embedded.tomcat.TomcatWebServer  : Tomcat started on port(s): 28852 (http) with context path ''
2022-05-28 20:58:10.876  INFO 2452 --- [    Test worker] DeferredRepositoryInitializationListener : Triggering deferred initialization of Spring Data repositories…
2022-05-28 20:58:11.211  INFO 2452 --- [    Test worker] DeferredRepositoryInitializationListener : Spring Data repositories initialized!
2022-05-28 20:58:11.223  INFO 2452 --- [    Test worker] account.AccountServiceApplication        : Started AccountServiceApplication in 5.293 seconds (JVM running for 6.343)
2022-05-28 20:58:11.560  INFO 2452 --- [io-28852-exec-1] o.a.c.c.C.[Tomcat].[localhost].[/]       : Initializing Spring DispatcherServlet 'dispatcherServlet'
2022-05-28 20:58:11.561  INFO 2452 --- [io-28852-exec-1] o.s.web.servlet.DispatcherServlet        : Initializing Servlet 'dispatcherServlet'
2022-05-28 20:58:11.569  INFO 2452 --- [io-28852-exec-1] o.s.web.servlet.DispatcherServlet        : Completed initialization in 8 ms
2022-05-28 20:58:11.744  WARN 2452 --- [io-28852-exec-1] .w.s.m.s.DefaultHandlerExceptionResolver : Resolved [org.springframework.web.bind.MethodArgumentNotValidException: Validation failed for argument [0] in public org.springframework.http.ResponseEntity<account.entites.User> account.controller.AuthController.registerUser(account.entites.User): [Field error in object 'user' on field 'username': rejected value []; codes [NotEmpty.user.username,NotEmpty.username,NotEmpty.java.lang.String,NotEmpty]; arguments [org.springframework.context.support.DefaultMessageSourceResolvable: codes [user.username,username]; arguments []; default message [username]]; default message [must not be empty]] ]
?[1;31m
Start test 2?[0m
2022-05-28 20:58:11.802  WARN 2452 --- [io-28852-exec-2] .w.s.m.s.DefaultHandlerExceptionResolver : Resolved [org.springframework.web.bind.MethodArgumentNotValidException: Validation failed for argument [0] in public org.springframework.http.ResponseEntity<account.entites.User> account.controller.AuthController.registerUser(account.entites.User): [Field error in object 'user' on field 'username': rejected value [null]; codes [NotEmpty.user.username,NotEmpty.username,NotEmpty.java.lang.String,NotEmpty]; arguments [org.springframework.context.support.DefaultMessageSourceResolvable: codes [user.username,username]; arguments []; default message [username]]; default message [must not be empty]] ]
?[1;31m
Start test 3?[0m
2022-05-28 20:58:11.812  WARN 2452 --- [io-28852-exec-3] .w.s.m.s.DefaultHandlerExceptionResolver : Resolved [org.springframework.web.bind.MethodArgumentNotValidException: Validation failed for argument [0] in public org.springframework.http.ResponseEntity<account.entites.User> account.controller.AuthController.registerUser(account.entites.User): [Field error in object 'user' on field 'lastname': rejected value []; codes [NotEmpty.user.lastname,NotEmpty.lastname,NotEmpty.java.lang.String,NotEmpty]; arguments [org.springframework.context.support.DefaultMessageSourceResolvable: codes [user.lastname,lastname]; arguments []; default message [lastname]]; default message [must not be empty]] ]
?[1;31m
Start test 4?[0m
2022-05-28 20:58:11.824  WARN 2452 --- [io-28852-exec-4] .w.s.m.s.DefaultHandlerExceptionResolver : Resolved [org.springframework.web.bind.MethodArgumentNotValidException: Validation failed for argument [0] in public org.springframework.http.ResponseEntity<account.entites.User> account.controller.AuthController.registerUser(account.entites.User): [Field error in object 'user' on field 'lastname': rejected value [null]; codes [NotEmpty.user.lastname,NotEmpty.lastname,NotEmpty.java.lang.String,NotEmpty]; arguments [org.springframework.context.support.DefaultMessageSourceResolvable: codes [user.lastname,lastname]; arguments []; default message [lastname]]; default message [must not be empty]] ]
?[1;31m
Start test 5?[0m
2022-05-28 20:58:11.840  WARN 2452 --- [io-28852-exec-5] .w.s.m.s.DefaultHandlerExceptionResolver : Resolved [org.springframework.web.bind.MethodArgumentNotValidException: Validation failed for argument [0] in public org.springframework.http.ResponseEntity<account.entites.User> account.controller.AuthController.registerUser(account.entites.User) with 2 errors: [Field error in object 'user' on field 'email': rejected value []; codes [Pattern.user.email,Pattern.email,Pattern.java.lang.String,Pattern]; arguments [org.springframework.context.support.DefaultMessageSourceResolvable: codes [user.email,email]; arguments []; default message [email],[Ljavax.validation.constraints.Pattern$Flag;@18a56f5e,^([\w-]+(?:\.[\w-]+)*)@(acme.com)$]; default message [must match "^([\w-]+(?:\.[\w-]+)*)@(acme.com)$"]] [Field error in object 'user' on field 'email': rejected value []; codes [NotBlank.user.email,NotBlank.email,NotBlank.java.lang.String,NotBlank]; arguments [org.springframework.context.support.DefaultMessageSourceResolvable: codes [user.email,email]; arguments []; default message [email]]; default message [must not be blank]] ]
?[1;31m
Start test 6?[0m
2022-05-28 20:58:11.851  WARN 2452 --- [io-28852-exec-6] .w.s.m.s.DefaultHandlerExceptionResolver : Resolved [org.springframework.web.bind.MethodArgumentNotValidException: Validation failed for argument [0] in public org.springframework.http.ResponseEntity<account.entites.User> account.controller.AuthController.registerUser(account.entites.User) with 2 errors: [Field error in object 'user' on field 'email': rejected value [null]; codes [NotBlank.user.email,NotBlank.email,NotBlank.java.lang.String,NotBlank]; arguments [org.springframework.context.support.DefaultMessageSourceResolvable: codes [user.email,email]; arguments []; default message [email]]; default message [must not be blank]] [Field error in object 'user' on field 'email': rejected value [null]; codes [NotNull.user.email,NotNull.email,NotNull.java.lang.String,NotNull]; arguments [org.springframework.context.support.DefaultMessageSourceResolvable: codes [user.email,email]; arguments []; default message [email]]; default message [must not be null]] ]
?[1;31m
Start test 7?[0m
2022-05-28 20:58:11.861  WARN 2452 --- [io-28852-exec-7] .w.s.m.s.DefaultHandlerExceptionResolver : Resolved [org.springframework.web.bind.MethodArgumentNotValidException: Validation failed for argument [0] in public org.springframework.http.ResponseEntity<account.entites.User> account.controller.AuthController.registerUser(account.entites.User): [Field error in object 'user' on field 'password': rejected value []; codes [NotBlank.user.password,NotBlank.password,NotBlank.java.lang.String,NotBlank]; arguments [org.springframework.context.support.DefaultMessageSourceResolvable: codes [user.password,password]; arguments []; default message [password]]; default message [must not be blank]] ]
?[1;31m
Start test 8?[0m
2022-05-28 20:58:11.872  WARN 2452 --- [io-28852-exec-8] .w.s.m.s.DefaultHandlerExceptionResolver : Resolved [org.springframework.web.bind.MethodArgumentNotValidException: Validation failed for argument [0] in public org.springframework.http.ResponseEntity<account.entites.User> account.controller.AuthController.registerUser(account.entites.User) with 2 errors: [Field error in object 'user' on field 'password': rejected value [null]; codes [NotNull.user.password,NotNull.password,NotNull.java.lang.String,NotNull]; arguments [org.springframework.context.support.DefaultMessageSourceResolvable: codes [user.password,password]; arguments []; default message [password]]; default message [must not be null]] [Field error in object 'user' on field 'password': rejected value [null]; codes [NotBlank.user.password,NotBlank.password,NotBlank.java.lang.String,NotBlank]; arguments [org.springframework.context.support.DefaultMessageSourceResolvable: codes [user.password,password]; arguments []; default message [password]]; default message [must not be blank]] ]
?[1;31m
Start test 9?[0m
2022-05-28 20:58:11.882  WARN 2452 --- [io-28852-exec-9] .w.s.m.s.DefaultHandlerExceptionResolver : Resolved [org.springframework.web.bind.MethodArgumentNotValidException: Validation failed for argument [0] in public org.springframework.http.ResponseEntity<account.entites.User> account.controller.AuthController.registerUser(account.entites.User): [Field error in object 'user' on field 'email': rejected value [johndoeacme.com]; codes [Pattern.user.email,Pattern.email,Pattern.java.lang.String,Pattern]; arguments [org.springframework.context.support.DefaultMessageSourceResolvable: codes [user.email,email]; arguments []; default message [email],[Ljavax.validation.constraints.Pattern$Flag;@18a56f5e,^([\w-]+(?:\.[\w-]+)*)@(acme.com)$]; default message [must match "^([\w-]+(?:\.[\w-]+)*)@(acme.com)$"]] ]
?[1;31m
Start test 10?[0m
2022-05-28 20:58:11.893  WARN 2452 --- [o-28852-exec-10] .w.s.m.s.DefaultHandlerExceptionResolver : Resolved [org.springframework.web.bind.MethodArgumentNotValidException: Validation failed for argument [0] in public org.springframework.http.ResponseEntity<account.entites.User> account.controller.AuthController.registerUser(account.entites.User): [Field error in object 'user' on field 'email': rejected value [johndoe@google.com]; codes [Pattern.user.email,Pattern.email,Pattern.java.lang.String,Pattern]; arguments [org.springframework.context.support.DefaultMessageSourceResolvable: codes [user.email,email]; arguments []; default message [email],[Ljavax.validation.constraints.Pattern$Flag;@18a56f5e,^([\w-]+(?:\.[\w-]+)*)@(acme.com)$]; default message [must match "^([\w-]+(?:\.[\w-]+)*)@(acme.com)$"]] ]
?[1;31m
Start test 11?[0m
?[1;31m
Start test 12?[0m
?[1;31m
Start test 13?[0m
?[1;31m
Start test 14?[0m
?[1;31m
Start test 15?[0m
?[1;31m
Start test 16?[0m
?[1;31m
Start test 17?[0m
?[1;31m
Start test 18?[0m
?[1;31m
Start test 19?[0m
?[1;31m
Start test 20?[0m
?[1;31m
Start test 21?[0m
?[1;31m
Start test 22?[0m
?[1;31m
Start test 23?[0m
?[1;31m
Start test 24?[0m
?[1;31m
Start test 25?[0m
?[1;31m
Start test 26?[0m
?[1;31m
Start test 27?[0m
?[1;31m
Start test 28?[0m
?[1;31m
Start test 29?[0m
?[1;31m
Start test 30?[0m
?[1;31m
Start test 31?[0m
?[1;31m
Start test 32?[0m
2022-05-28 20:58:14.994  INFO 2452 --- [     Thread-336] j.LocalContainerEntityManagerFactoryBean : Closing JPA EntityManagerFactory for persistence unit 'default'
2022-05-28 20:58:14.996  INFO 2452 --- [     Thread-336] o.s.s.concurrent.ThreadPoolTaskExecutor  : Shutting down ExecutorService 'applicationTaskExecutor'
2022-05-28 20:58:14.997  INFO 2452 --- [     Thread-336] com.zaxxer.hikari.HikariDataSource       : HikariPool-1 - Shutdown initiated...
2022-05-28 20:58:15.019  INFO 2452 --- [     Thread-336] com.zaxxer.hikari.HikariDataSource       : HikariPool-1 - Shutdown completed.

  .   ____          _            __ _ _
 /\\ / ___'_ __ _ _(_)_ __  __ _ \ \ \ \
( ( )\___ | '_ | '_| | '_ \/ _` | \ \ \ \
 \\/  ___)| |_)| | | | | || (_| |  ) ) ) )
  '  |____| .__|_| |_|_| |_\__, | / / / /
 =========|_|==============|___/=/_/_/_/
 :: Spring Boot ::        (v2.3.1.RELEASE)

2022-05-28 20:58:15.131  INFO 2452 --- [    Test worker] account.AccountServiceApplication        : Starting AccountServiceApplication on Fractal with PID 2452 (started by Fractal in D:\RepositoryRoadToProfession\Account Service\Account Service\task)
2022-05-28 20:58:15.131  INFO 2452 --- [    Test worker] account.AccountServiceApplication        : No active profile set, falling back to default profiles: default
2022-05-28 20:58:15.527  INFO 2452 --- [    Test worker] .s.d.r.c.RepositoryConfigurationDelegate : Bootstrapping Spring Data JPA repositories in DEFERRED mode.
2022-05-28 20:58:15.539  INFO 2452 --- [    Test worker] .s.d.r.c.RepositoryConfigurationDelegate : Finished Spring Data repository scanning in 11ms. Found 2 JPA repository interfaces.
2022-05-28 20:58:15.641  INFO 2452 --- [    Test worker] o.s.b.w.embedded.tomcat.TomcatWebServer  : Tomcat initialized with port(s): 28852 (http)
2022-05-28 20:58:15.642  INFO 2452 --- [    Test worker] o.apache.catalina.core.StandardService   : Starting service [Tomcat]
2022-05-28 20:58:15.642  INFO 2452 --- [    Test worker] org.apache.catalina.core.StandardEngine  : Starting Servlet engine: [Apache Tomcat/9.0.36]
2022-05-28 20:58:15.686  INFO 2452 --- [    Test worker] o.a.c.c.C.[Tomcat].[localhost].[/]       : Initializing Spring embedded WebApplicationContext
2022-05-28 20:58:15.686  INFO 2452 --- [    Test worker] w.s.c.ServletWebServerApplicationContext : Root WebApplicationContext: initialization completed in 552 ms
2022-05-28 20:58:15.732  INFO 2452 --- [    Test worker] com.zaxxer.hikari.HikariDataSource       : HikariPool-2 - Starting...
2022-05-28 20:58:15.744  INFO 2452 --- [    Test worker] com.zaxxer.hikari.HikariDataSource       : HikariPool-2 - Start completed.
2022-05-28 20:58:15.744  INFO 2452 --- [    Test worker] o.s.b.a.h2.H2ConsoleAutoConfiguration    : H2 console available at '/h2-console'. Database available at 'jdbc:h2:file:../service_db'
2022-05-28 20:58:15.813  INFO 2452 --- [    Test worker] o.s.s.concurrent.ThreadPoolTaskExecutor  : Initializing ExecutorService 'applicationTaskExecutor'
2022-05-28 20:58:15.819  INFO 2452 --- [         task-1] o.hibernate.jpa.internal.util.LogHelper  : HHH000204: Processing PersistenceUnitInfo [name: default]
2022-05-28 20:58:15.827  INFO 2452 --- [         task-1] org.hibernate.dialect.Dialect            : HHH000400: Using dialect: org.hibernate.dialect.H2Dialect
2022-05-28 20:58:15.854  WARN 2452 --- [    Test worker] JpaBaseConfiguration$JpaWebConfiguration : spring.jpa.open-in-view is enabled by default. Therefore, database queries may be performed during view rendering. Explicitly configure spring.jpa.open-in-view to disable this warning
2022-05-28 20:58:15.903  INFO 2452 --- [    Test worker] o.s.s.web.DefaultSecurityFilterChain     : Creating filter chain: any request, [org.springframework.security.web.context.request.async.WebAsyncManagerIntegrationFilter@6173863f, org.springframework.security.web.context.SecurityContextPersistenceFilter@6130a6f5, org.springframework.security.web.header.HeaderWriterFilter@25e24908, org.springframework.security.web.authentication.logout.LogoutFilter@4e35a219, org.springframework.security.web.authentication.www.BasicAuthenticationFilter@7772ec28, org.springframework.security.web.savedrequest.RequestCacheAwareFilter@3fb0d9de, org.springframework.security.web.servletapi.SecurityContextHolderAwareRequestFilter@8ad6d29, org.springframework.security.web.authentication.AnonymousAuthenticationFilter@a08e41b, org.springframework.security.web.session.SessionManagementFilter@2941631f, org.springframework.security.web.access.ExceptionTranslationFilter@67372d20, org.springframework.security.web.access.intercept.FilterSecurityInterceptor@c79915a]
2022-05-28 20:58:15.915  INFO 2452 --- [         task-1] o.h.e.t.j.p.i.JtaPlatformInitiator       : HHH000490: Using JtaPlatform implementation: [org.hibernate.engine.transaction.jta.platform.internal.NoJtaPlatform]
2022-05-28 20:58:15.916  INFO 2452 --- [         task-1] j.LocalContainerEntityManagerFactoryBean : Initialized JPA EntityManagerFactory for persistence unit 'default'
2022-05-28 20:58:16.095  INFO 2452 --- [    Test worker] o.s.b.a.e.web.EndpointLinksResolver      : Exposing 14 endpoint(s) beneath base path '/actuator'
2022-05-28 20:58:16.114  INFO 2452 --- [    Test worker] o.s.b.w.embedded.tomcat.TomcatWebServer  : Tomcat started on port(s): 28852 (http) with context path ''
2022-05-28 20:58:16.115  INFO 2452 --- [    Test worker] DeferredRepositoryInitializationListener : Triggering deferred initialization of Spring Data repositories…
2022-05-28 20:58:16.154  INFO 2452 --- [    Test worker] DeferredRepositoryInitializationListener : Spring Data repositories initialized!
2022-05-28 20:58:16.160  INFO 2452 --- [    Test worker] account.AccountServiceApplication        : Started AccountServiceApplication in 1.085 seconds (JVM running for 11.28)
?[1;31m
Start test 33?[0m
2022-05-28 20:58:16.165  INFO 2452 --- [io-28852-exec-1] o.a.c.c.C.[Tomcat].[localhost].[/]       : Initializing Spring DispatcherServlet 'dispatcherServlet'
2022-05-28 20:58:16.165  INFO 2452 --- [io-28852-exec-1] o.s.web.servlet.DispatcherServlet        : Initializing Servlet 'dispatcherServlet'
2022-05-28 20:58:16.167  INFO 2452 --- [io-28852-exec-1] o.s.web.servlet.DispatcherServlet        : Completed initialization in 2 ms
?[1;31m
Start test 34?[0m
?[1;31m
Start test 35?[0m
?[1;31m
Start test 36?[0m
?[1;31m
Start test 37?[0m
?[1;31m
Start test 38?[0m
?[1;31m
Start test 39?[0m
?[1;31m
Start test 40?[0m
?[1;31m
Start test 41?[0m
?[1;31m
Start test 42?[0m
?[1;31m
Start test 43?[0m
?[1;31m
Start test 44?[0m
?[1;31m
Start test 45?[0m
2022-05-28 20:58:17.693  INFO 2452 --- [     Thread-669] j.LocalContainerEntityManagerFactoryBean : Closing JPA EntityManagerFactory for persistence unit 'default'
2022-05-28 20:58:17.694  INFO 2452 --- [     Thread-669] o.s.s.concurrent.ThreadPoolTaskExecutor  : Shutting down ExecutorService 'applicationTaskExecutor'
2022-05-28 20:58:17.694  INFO 2452 --- [     Thread-669] com.zaxxer.hikari.HikariDataSource       : HikariPool-2 - Shutdown initiated...
2022-05-28 20:58:17.714  INFO 2452 --- [     Thread-669] com.zaxxer.hikari.HikariDataSource       : HikariPool-2 - Shutdown completed.

  .   ____          _            __ _ _
 /\\ / ___'_ __ _ _(_)_ __  __ _ \ \ \ \
( ( )\___ | '_ | '_| | '_ \/ _` | \ \ \ \
 \\/  ___)| |_)| | | | | || (_| |  ) ) ) )
  '  |____| .__|_| |_|_| |_\__, | / / / /
 =========|_|==============|___/=/_/_/_/
 :: Spring Boot ::        (v2.3.1.RELEASE)

2022-05-28 20:58:17.802  INFO 2452 --- [    Test worker] account.AccountServiceApplication        : Starting AccountServiceApplication on Fractal with PID 2452 (started by Fractal in D:\RepositoryRoadToProfession\Account Service\Account Service\task)
2022-05-28 20:58:17.802  INFO 2452 --- [    Test worker] account.AccountServiceApplication        : No active profile set, falling back to default profiles: default
2022-05-28 20:58:18.173  INFO 2452 --- [    Test worker] .s.d.r.c.RepositoryConfigurationDelegate : Bootstrapping Spring Data JPA repositories in DEFERRED mode.
2022-05-28 20:58:18.185  INFO 2452 --- [    Test worker] .s.d.r.c.RepositoryConfigurationDelegate : Finished Spring Data repository scanning in 11ms. Found 2 JPA repository interfaces.
2022-05-28 20:58:18.281  INFO 2452 --- [    Test worker] o.s.b.w.embedded.tomcat.TomcatWebServer  : Tomcat initialized with port(s): 28852 (http)
2022-05-28 20:58:18.282  INFO 2452 --- [    Test worker] o.apache.catalina.core.StandardService   : Starting service [Tomcat]
2022-05-28 20:58:18.282  INFO 2452 --- [    Test worker] org.apache.catalina.core.StandardEngine  : Starting Servlet engine: [Apache Tomcat/9.0.36]
2022-05-28 20:58:18.327  INFO 2452 --- [    Test worker] o.a.c.c.C.[Tomcat].[localhost].[/]       : Initializing Spring embedded WebApplicationContext
2022-05-28 20:58:18.327  INFO 2452 --- [    Test worker] w.s.c.ServletWebServerApplicationContext : Root WebApplicationContext: initialization completed in 521 ms
2022-05-28 20:58:18.372  INFO 2452 --- [    Test worker] com.zaxxer.hikari.HikariDataSource       : HikariPool-3 - Starting...
2022-05-28 20:58:18.381  INFO 2452 --- [    Test worker] com.zaxxer.hikari.HikariDataSource       : HikariPool-3 - Start completed.
2022-05-28 20:58:18.382  INFO 2452 --- [    Test worker] o.s.b.a.h2.H2ConsoleAutoConfiguration    : H2 console available at '/h2-console'. Database available at 'jdbc:h2:file:../service_db'
2022-05-28 20:58:18.430  INFO 2452 --- [    Test worker] o.s.s.concurrent.ThreadPoolTaskExecutor  : Initializing ExecutorService 'applicationTaskExecutor'
2022-05-28 20:58:18.435  INFO 2452 --- [         task-1] o.hibernate.jpa.internal.util.LogHelper  : HHH000204: Processing PersistenceUnitInfo [name: default]
2022-05-28 20:58:18.442  INFO 2452 --- [         task-1] org.hibernate.dialect.Dialect            : HHH000400: Using dialect: org.hibernate.dialect.H2Dialect
2022-05-28 20:58:18.470  WARN 2452 --- [    Test worker] JpaBaseConfiguration$JpaWebConfiguration : spring.jpa.open-in-view is enabled by default. Therefore, database queries may be performed during view rendering. Explicitly configure spring.jpa.open-in-view to disable this warning
2022-05-28 20:58:18.509  INFO 2452 --- [         task-1] o.h.e.t.j.p.i.JtaPlatformInitiator       : HHH000490: Using JtaPlatform implementation: [org.hibernate.engine.transaction.jta.platform.internal.NoJtaPlatform]
2022-05-28 20:58:18.510  INFO 2452 --- [         task-1] j.LocalContainerEntityManagerFactoryBean : Initialized JPA EntityManagerFactory for persistence unit 'default'
2022-05-28 20:58:18.512  INFO 2452 --- [    Test worker] o.s.s.web.DefaultSecurityFilterChain     : Creating filter chain: any request, [org.springframework.security.web.context.request.async.WebAsyncManagerIntegrationFilter@3a61d819, org.springframework.security.web.context.SecurityContextPersistenceFilter@4d145177, org.springframework.security.web.header.HeaderWriterFilter@224e7aa5, org.springframework.security.web.authentication.logout.LogoutFilter@5687ade6, org.springframework.security.web.authentication.www.BasicAuthenticationFilter@7621c3f7, org.springframework.security.web.savedrequest.RequestCacheAwareFilter@1f57fa23, org.springframework.security.web.servletapi.SecurityContextHolderAwareRequestFilter@4e9d203e, org.springframework.security.web.authentication.AnonymousAuthenticationFilter@508abc74, org.springframework.security.web.session.SessionManagementFilter@89ff043, org.springframework.security.web.access.ExceptionTranslationFilter@2a4f1bc5, org.springframework.security.web.access.intercept.FilterSecurityInterceptor@1bca9b64]
2022-05-28 20:58:18.697  INFO 2452 --- [    Test worker] o.s.b.a.e.web.EndpointLinksResolver      : Exposing 14 endpoint(s) beneath base path '/actuator'
2022-05-28 20:58:18.715  INFO 2452 --- [    Test worker] o.s.b.w.embedded.tomcat.TomcatWebServer  : Tomcat started on port(s): 28852 (http) with context path ''
2022-05-28 20:58:18.716  INFO 2452 --- [    Test worker] DeferredRepositoryInitializationListener : Triggering deferred initialization of Spring Data repositories…
2022-05-28 20:58:18.754  INFO 2452 --- [    Test worker] DeferredRepositoryInitializationListener : Spring Data repositories initialized!
2022-05-28 20:58:18.760  INFO 2452 --- [    Test worker] account.AccountServiceApplication        : Started AccountServiceApplication in 1.004 seconds (JVM running for 13.881)
?[1;31m
Start test 46?[0m
2022-05-28 20:58:18.765  INFO 2452 --- [io-28852-exec-1] o.a.c.c.C.[Tomcat].[localhost].[/]       : Initializing Spring DispatcherServlet 'dispatcherServlet'
2022-05-28 20:58:18.766  INFO 2452 --- [io-28852-exec-1] o.s.web.servlet.DispatcherServlet        : Initializing Servlet 'dispatcherServlet'
2022-05-28 20:58:18.768  INFO 2452 --- [io-28852-exec-1] o.s.web.servlet.DispatcherServlet        : Completed initialization in 2 ms
?[1;31m
Start test 47?[0m
]]></system-out>
  <system-err><![CDATA[]]></system-err>
</testsuite>
