<?xml version="1.0" encoding="UTF-8"?>
<testsuite name="AntiFraudTest" tests="1" skipped="0" failures="0" errors="0" timestamp="2022-06-07T13:49:54" hostname="FRACTAL" time="13.923">
  <properties/>
  <testcase name="start" classname="AntiFraudTest" time="13.923"/>
  <system-out><![CDATA[?[1;31m
Start test 1?[0m

  .   ____          _            __ _ _
 /\\ / ___'_ __ _ _(_)_ __  __ _ \ \ \ \
( ( )\___ | '_ | '_| | '_ \/ _` | \ \ \ \
 \\/  ___)| |_)| | | | | || (_| |  ) ) ) )
  '  |____| .__|_| |_|_| |_\__, | / / / /
 =========|_|==============|___/=/_/_/_/
 :: Spring Boot ::        (v2.3.1.RELEASE)

2022-06-07 16:49:54.791  INFO 13300 --- [    Test worker] antifraud.AntiFraudApplication           : Starting AntiFraudApplication on Fractal with PID 13300 (started by Fractal in D:\RepositoryRoadToProfession\Anti-Fraud System\Anti-Fraud System\task)
2022-06-07 16:49:54.795  INFO 13300 --- [    Test worker] antifraud.AntiFraudApplication           : No active profile set, falling back to default profiles: default
2022-06-07 16:49:55.995  INFO 13300 --- [    Test worker] .s.d.r.c.RepositoryConfigurationDelegate : Bootstrapping Spring Data JPA repositories in DEFERRED mode.
2022-06-07 16:49:56.078  INFO 13300 --- [    Test worker] .s.d.r.c.RepositoryConfigurationDelegate : Finished Spring Data repository scanning in 73ms. Found 3 JPA repository interfaces.
2022-06-07 16:49:56.811  INFO 13300 --- [    Test worker] o.s.b.w.embedded.tomcat.TomcatWebServer  : Tomcat initialized with port(s): 28852 (http)
2022-06-07 16:49:56.825  INFO 13300 --- [    Test worker] o.apache.catalina.core.StandardService   : Starting service [Tomcat]
2022-06-07 16:49:56.825  INFO 13300 --- [    Test worker] org.apache.catalina.core.StandardEngine  : Starting Servlet engine: [Apache Tomcat/9.0.36]
2022-06-07 16:49:56.962  INFO 13300 --- [    Test worker] o.a.c.c.C.[Tomcat].[localhost].[/]       : Initializing Spring embedded WebApplicationContext
2022-06-07 16:49:56.963  INFO 13300 --- [    Test worker] w.s.c.ServletWebServerApplicationContext : Root WebApplicationContext: initialization completed in 2101 ms
2022-06-07 16:49:57.109  INFO 13300 --- [    Test worker] com.zaxxer.hikari.HikariDataSource       : HikariPool-1 - Starting...
2022-06-07 16:49:57.354  INFO 13300 --- [    Test worker] com.zaxxer.hikari.HikariDataSource       : HikariPool-1 - Start completed.
2022-06-07 16:49:57.373  INFO 13300 --- [    Test worker] o.s.b.a.h2.H2ConsoleAutoConfiguration    : H2 console available at '/h2-console'. Database available at 'jdbc:h2:file:../service_db'
2022-06-07 16:49:57.545  INFO 13300 --- [    Test worker] o.s.s.concurrent.ThreadPoolTaskExecutor  : Initializing ExecutorService 'applicationTaskExecutor'
2022-06-07 16:49:57.600  INFO 13300 --- [         task-1] o.hibernate.jpa.internal.util.LogHelper  : HHH000204: Processing PersistenceUnitInfo [name: default]
2022-06-07 16:49:57.642  WARN 13300 --- [    Test worker] JpaBaseConfiguration$JpaWebConfiguration : spring.jpa.open-in-view is enabled by default. Therefore, database queries may be performed during view rendering. Explicitly configure spring.jpa.open-in-view to disable this warning
2022-06-07 16:49:57.692  INFO 13300 --- [         task-1] org.hibernate.Version                    : HHH000412: Hibernate ORM core version 5.4.17.Final
2022-06-07 16:49:57.904  INFO 13300 --- [         task-1] o.hibernate.annotations.common.Version   : HCANN000001: Hibernate Commons Annotations {5.1.0.Final}
2022-06-07 16:49:57.937  INFO 13300 --- [    Test worker] o.s.s.web.DefaultSecurityFilterChain     : Creating filter chain: any request, [org.springframework.security.web.context.request.async.WebAsyncManagerIntegrationFilter@349312d5, org.springframework.security.web.context.SecurityContextPersistenceFilter@3d033453, org.springframework.security.web.header.HeaderWriterFilter@6903ed0e, org.springframework.security.web.authentication.logout.LogoutFilter@1bb96449, org.springframework.security.web.authentication.www.BasicAuthenticationFilter@1b791dca, org.springframework.security.web.savedrequest.RequestCacheAwareFilter@e795a1d, org.springframework.security.web.servletapi.SecurityContextHolderAwareRequestFilter@4e7bc939, org.springframework.security.web.authentication.AnonymousAuthenticationFilter@5885e231, org.springframework.security.web.session.SessionManagementFilter@30ffb2a6, org.springframework.security.web.access.ExceptionTranslationFilter@67afe909, org.springframework.security.web.access.intercept.FilterSecurityInterceptor@2a2b7a35]
2022-06-07 16:49:58.086  INFO 13300 --- [         task-1] org.hibernate.dialect.Dialect            : HHH000400: Using dialect: org.hibernate.dialect.H2Dialect
2022-06-07 16:49:58.986  INFO 13300 --- [         task-1] o.h.e.t.j.p.i.JtaPlatformInitiator       : HHH000490: Using JtaPlatform implementation: [org.hibernate.engine.transaction.jta.platform.internal.NoJtaPlatform]
2022-06-07 16:49:58.997  INFO 13300 --- [         task-1] j.LocalContainerEntityManagerFactoryBean : Initialized JPA EntityManagerFactory for persistence unit 'default'
2022-06-07 16:49:59.088  INFO 13300 --- [    Test worker] o.s.b.a.e.web.EndpointLinksResolver      : Exposing 14 endpoint(s) beneath base path '/actuator'
2022-06-07 16:49:59.145  INFO 13300 --- [    Test worker] o.s.b.w.embedded.tomcat.TomcatWebServer  : Tomcat started on port(s): 28852 (http) with context path ''
2022-06-07 16:49:59.146  INFO 13300 --- [    Test worker] DeferredRepositoryInitializationListener : Triggering deferred initialization of Spring Data repositories…
2022-06-07 16:49:59.457  INFO 13300 --- [    Test worker] DeferredRepositoryInitializationListener : Spring Data repositories initialized!
2022-06-07 16:49:59.470  INFO 13300 --- [    Test worker] antifraud.AntiFraudApplication           : Started AntiFraudApplication in 5.074 seconds (JVM running for 5.939)
Test case
Testing api: '/api/auth/user'
request: '{
   "name": "John Doe 1",
   "password": "oa3VvqnLxW"
}'
Expectations: 'In case of wrong data in request, endpoint must respond with BAD REQUEST  status (400).'
-----
2022-06-07 16:49:59.793  INFO 13300 --- [io-28852-exec-1] o.a.c.c.C.[Tomcat].[localhost].[/]       : Initializing Spring DispatcherServlet 'dispatcherServlet'
2022-06-07 16:49:59.793  INFO 13300 --- [io-28852-exec-1] o.s.web.servlet.DispatcherServlet        : Initializing Servlet 'dispatcherServlet'
2022-06-07 16:49:59.803  INFO 13300 --- [io-28852-exec-1] o.s.web.servlet.DispatcherServlet        : Completed initialization in 10 ms
2022-06-07 16:49:59.981  WARN 13300 --- [io-28852-exec-1] .w.s.m.s.DefaultHandlerExceptionResolver : Resolved [org.springframework.web.bind.MethodArgumentNotValidException: Validation failed for argument [0] in public org.springframework.http.ResponseEntity<antifraud.entity.User> antifraud.controller.AuthController.registerNewUser(antifraud.entity.User): [Field error in object 'user' on field 'username': rejected value [null]; codes [NotBlank.user.username,NotBlank.username,NotBlank.java.lang.String,NotBlank]; arguments [org.springframework.context.support.DefaultMessageSourceResolvable: codes [user.username,username]; arguments []; default message [username]]; default message [must not be blank]] ]
?[1;31m
Start test 2?[0m
Test case
Testing api: '/api/auth/user'
request: '{
   "name": "John Doe 2",
   "username": "johndoe1"
}'
Expectations: 'In case of wrong data in request, endpoint must respond with BAD REQUEST  status (400).'
-----
2022-06-07 16:50:00.042  WARN 13300 --- [io-28852-exec-2] .w.s.m.s.DefaultHandlerExceptionResolver : Resolved [org.springframework.web.bind.MethodArgumentNotValidException: Validation failed for argument [0] in public org.springframework.http.ResponseEntity<antifraud.entity.User> antifraud.controller.AuthController.registerNewUser(antifraud.entity.User): [Field error in object 'user' on field 'password': rejected value [null]; codes [NotBlank.user.password,NotBlank.password,NotBlank.java.lang.String,NotBlank]; arguments [org.springframework.context.support.DefaultMessageSourceResolvable: codes [user.password,password]; arguments []; default message [password]]; default message [must not be blank]] ]
?[1;31m
Start test 3?[0m
Test case
Testing api: '/api/auth/user'
request: '{
   "name": "John Doe 1",
   "username": "johndoe1",
   "password": "oMoa3VvqnLxW"
}'
Expectations: 'If user successfully added, endpoint must respond with HTTP CREATED status (201) '
-----
?[1;31m
Start test 4?[0m
Test case
Testing api: '/api/auth/list'
Expectations: 'Endpoint must respond with HTTP OK status (200) and body with array of objects representing the users sorted by ID in ascending order.'
-----
?[1;31m
Start test 5?[0m
Test case
Testing api: '/api/auth/user'
request: '{
   "name": "John Doe 1",
   "username": "johndoe1",
   "password": "oMoa3VvqnLxW"
}'
Expectations: 'If user successfully added, endpoint must respond with HTTP CREATED status (201) '
-----
?[1;31m
Start test 6?[0m
Test case
Testing api: '/api/auth/list'
Expectations: 'Endpoint must respond with HTTP OK status (200) and body with array of objects representing the users sorted by ID in ascending order.'
-----
?[1;31m
Start test 7?[0m
Test case
Testing api: '/api/auth/list'
Expectations: 'A user with incorrect credentials is not allowed'
-----
?[1;31m
Start test 8?[0m
Test case
Testing api: '/api/auth/list'
Expectations: 'A user with incorrect credentials is not allowed'
-----
?[1;31m
Start test 9?[0m
Test case
Testing api: '/api/antifraud/transaction'
Expectations: 'Merchant after registration must be LOCKED'
-----
?[1;31m
Start test 10?[0m
Test case
Testing api: '/api/auth/access'
Expectations: 'A user johndoe1 must be UNLOCKED'
-----
?[1;31m
Start test 11?[0m
Test case
Testing api: '/api/antifraud/transaction'
Expectations: 'A user johndoe1 must be UNLOCKED'
-----
?[1;31m
Start test 12?[0m
Test case
Testing api: '/api/antifraud/transaction'
request: 'amount = 1'
Expectations: 'Result validating of Transaction must be 'ALLOWED''
-----
?[1;31m
Start test 13?[0m
2022-06-07 16:50:01.559  INFO 13300 --- [     Thread-336] j.LocalContainerEntityManagerFactoryBean : Closing JPA EntityManagerFactory for persistence unit 'default'
2022-06-07 16:50:01.561  INFO 13300 --- [     Thread-336] o.s.s.concurrent.ThreadPoolTaskExecutor  : Shutting down ExecutorService 'applicationTaskExecutor'
2022-06-07 16:50:01.563  INFO 13300 --- [     Thread-336] com.zaxxer.hikari.HikariDataSource       : HikariPool-1 - Shutdown initiated...
2022-06-07 16:50:01.582  INFO 13300 --- [     Thread-336] com.zaxxer.hikari.HikariDataSource       : HikariPool-1 - Shutdown completed.

  .   ____          _            __ _ _
 /\\ / ___'_ __ _ _(_)_ __  __ _ \ \ \ \
( ( )\___ | '_ | '_| | '_ \/ _` | \ \ \ \
 \\/  ___)| |_)| | | | | || (_| |  ) ) ) )
  '  |____| .__|_| |_|_| |_\__, | / / / /
 =========|_|==============|___/=/_/_/_/
 :: Spring Boot ::        (v2.3.1.RELEASE)

2022-06-07 16:50:01.660  INFO 13300 --- [    Test worker] antifraud.AntiFraudApplication           : Starting AntiFraudApplication on Fractal with PID 13300 (started by Fractal in D:\RepositoryRoadToProfession\Anti-Fraud System\Anti-Fraud System\task)
2022-06-07 16:50:01.660  INFO 13300 --- [    Test worker] antifraud.AntiFraudApplication           : No active profile set, falling back to default profiles: default
2022-06-07 16:50:02.065  INFO 13300 --- [    Test worker] .s.d.r.c.RepositoryConfigurationDelegate : Bootstrapping Spring Data JPA repositories in DEFERRED mode.
2022-06-07 16:50:02.076  INFO 13300 --- [    Test worker] .s.d.r.c.RepositoryConfigurationDelegate : Finished Spring Data repository scanning in 11ms. Found 3 JPA repository interfaces.
2022-06-07 16:50:02.176  INFO 13300 --- [    Test worker] o.s.b.w.embedded.tomcat.TomcatWebServer  : Tomcat initialized with port(s): 28852 (http)
2022-06-07 16:50:02.177  INFO 13300 --- [    Test worker] o.apache.catalina.core.StandardService   : Starting service [Tomcat]
2022-06-07 16:50:02.177  INFO 13300 --- [    Test worker] org.apache.catalina.core.StandardEngine  : Starting Servlet engine: [Apache Tomcat/9.0.36]
2022-06-07 16:50:02.212  INFO 13300 --- [    Test worker] o.a.c.c.C.[Tomcat].[localhost].[/]       : Initializing Spring embedded WebApplicationContext
2022-06-07 16:50:02.212  INFO 13300 --- [    Test worker] w.s.c.ServletWebServerApplicationContext : Root WebApplicationContext: initialization completed in 549 ms
2022-06-07 16:50:02.258  INFO 13300 --- [    Test worker] com.zaxxer.hikari.HikariDataSource       : HikariPool-2 - Starting...
2022-06-07 16:50:02.269  INFO 13300 --- [    Test worker] com.zaxxer.hikari.HikariDataSource       : HikariPool-2 - Start completed.
2022-06-07 16:50:02.269  INFO 13300 --- [    Test worker] o.s.b.a.h2.H2ConsoleAutoConfiguration    : H2 console available at '/h2-console'. Database available at 'jdbc:h2:file:../service_db'
2022-06-07 16:50:02.325  INFO 13300 --- [    Test worker] o.s.s.concurrent.ThreadPoolTaskExecutor  : Initializing ExecutorService 'applicationTaskExecutor'
2022-06-07 16:50:02.330  INFO 13300 --- [         task-1] o.hibernate.jpa.internal.util.LogHelper  : HHH000204: Processing PersistenceUnitInfo [name: default]
2022-06-07 16:50:02.337  INFO 13300 --- [         task-1] org.hibernate.dialect.Dialect            : HHH000400: Using dialect: org.hibernate.dialect.H2Dialect
2022-06-07 16:50:02.364  WARN 13300 --- [    Test worker] JpaBaseConfiguration$JpaWebConfiguration : spring.jpa.open-in-view is enabled by default. Therefore, database queries may be performed during view rendering. Explicitly configure spring.jpa.open-in-view to disable this warning
2022-06-07 16:50:02.410  INFO 13300 --- [         task-1] o.h.e.t.j.p.i.JtaPlatformInitiator       : HHH000490: Using JtaPlatform implementation: [org.hibernate.engine.transaction.jta.platform.internal.NoJtaPlatform]
2022-06-07 16:50:02.411  INFO 13300 --- [         task-1] j.LocalContainerEntityManagerFactoryBean : Initialized JPA EntityManagerFactory for persistence unit 'default'
2022-06-07 16:50:02.419  INFO 13300 --- [    Test worker] o.s.s.web.DefaultSecurityFilterChain     : Creating filter chain: any request, [org.springframework.security.web.context.request.async.WebAsyncManagerIntegrationFilter@208185c0, org.springframework.security.web.context.SecurityContextPersistenceFilter@5c1687d1, org.springframework.security.web.header.HeaderWriterFilter@104392ba, org.springframework.security.web.authentication.logout.LogoutFilter@10b2c1cf, org.springframework.security.web.authentication.www.BasicAuthenticationFilter@20a25f66, org.springframework.security.web.savedrequest.RequestCacheAwareFilter@1504b493, org.springframework.security.web.servletapi.SecurityContextHolderAwareRequestFilter@19de32cb, org.springframework.security.web.authentication.AnonymousAuthenticationFilter@1831447c, org.springframework.security.web.session.SessionManagementFilter@57e6d56a, org.springframework.security.web.access.ExceptionTranslationFilter@5e02fb23, org.springframework.security.web.access.intercept.FilterSecurityInterceptor@af94b0b]
2022-06-07 16:50:02.610  INFO 13300 --- [    Test worker] o.s.b.a.e.web.EndpointLinksResolver      : Exposing 14 endpoint(s) beneath base path '/actuator'
2022-06-07 16:50:02.633  INFO 13300 --- [    Test worker] o.s.b.w.embedded.tomcat.TomcatWebServer  : Tomcat started on port(s): 28852 (http) with context path ''
2022-06-07 16:50:02.634  INFO 13300 --- [    Test worker] DeferredRepositoryInitializationListener : Triggering deferred initialization of Spring Data repositories…
2022-06-07 16:50:02.685  INFO 13300 --- [    Test worker] DeferredRepositoryInitializationListener : Spring Data repositories initialized!
2022-06-07 16:50:02.689  INFO 13300 --- [    Test worker] antifraud.AntiFraudApplication           : Started AntiFraudApplication in 1.048 seconds (JVM running for 9.158)
?[1;31m
Start test 14?[0m
Test case
Testing api: '/api/auth/list'
Expectations: 'After restart user must exist'
-----
2022-06-07 16:50:02.696  INFO 13300 --- [io-28852-exec-1] o.a.c.c.C.[Tomcat].[localhost].[/]       : Initializing Spring DispatcherServlet 'dispatcherServlet'
2022-06-07 16:50:02.696  INFO 13300 --- [io-28852-exec-1] o.s.web.servlet.DispatcherServlet        : Initializing Servlet 'dispatcherServlet'
2022-06-07 16:50:02.698  INFO 13300 --- [io-28852-exec-1] o.s.web.servlet.DispatcherServlet        : Completed initialization in 2 ms
?[1;31m
Start test 15?[0m
Test case
Testing api: '/api/auth/user'
request: '{
   "name": "John Doe 1",
   "username": "johndoe1",
   "password": "oMoa3VvqnLxW"
}'
Expectations: 'In case of an attempt to register an existing user, endpoint must respond with HTTP CONFLICT status (409).'
-----
?[1;31m
Start test 16?[0m
Test case
Testing api: '/api/auth/user'
request: '{
   "name": "John Doe 2",
   "username": "johndoe2",
   "password": "oMoa5VvqnLxW"
}'
Expectations: 'If user successfully added, endpoint must respond with HTTP CREATED status (201) '
-----
?[1;31m
Start test 17?[0m
Test case
Testing api: '/api/auth/list'
Expectations: 'Endpoint must respond with HTTP OK status (200) and body with array of objects representing the users sorted by ID in ascending order.'
-----
?[1;31m
Start test 18?[0m
Test case
Testing api: '/api/antifraud/transaction'
request: 'amount = 199'
Expectations: 'Result validating of Transaction must be 'ALLOWED''
-----
?[1;31m
Start test 19?[0m
Test case
Testing api: '/api/antifraud/transaction'
request: 'amount = 200'
Expectations: 'Result validating of Transaction must be 'ALLOWED''
-----
?[1;31m
Start test 20?[0m
Test case
Testing api: '/api/antifraud/transaction'
request: 'amount = 201'
Expectations: 'Result validating of Transaction must be 'MANUAL_PROCESSING''
-----
?[1;31m
Start test 21?[0m
Test case
Testing api: '/api/antifraud/transaction'
request: 'amount = 1499'
Expectations: 'Result validating of Transaction must be 'MANUAL_PROCESSING''
-----
?[1;31m
Start test 22?[0m
Test case
Testing api: '/api/antifraud/transaction'
request: 'amount = 1500'
Expectations: 'Result validating of Transaction must be 'MANUAL_PROCESSING''
-----
?[1;31m
Start test 23?[0m
Test case
Testing api: '/api/antifraud/transaction'
request: 'amount = 1501'
Expectations: 'Result validating of Transaction must be 'PROHIBITED''
-----
?[1;31m
Start test 24?[0m
Test case
Testing api: '/api/antifraud/transaction'
request: 'amount = 2000'
Expectations: 'Result validating of Transaction must be 'PROHIBITED''
-----
?[1;31m
Start test 25?[0m
Test case
Testing api: '/api/antifraud/transaction'
request: 'amount = -1'
Expectations: 'Response status must be 'Bad request''
-----
?[1;31m
Start test 26?[0m
Test case
Testing api: '/api/antifraud/transaction'
request: 'amount = 0'
Expectations: 'Response status must be 'Bad request''
-----
?[1;31m
Start test 27?[0m
Test case
Testing api: '/api/antifraud/transaction'
request: 'amount = null'
Expectations: 'Response status must be 'Bad request''
-----
?[1;31m
Start test 28?[0m
Test case
Testing api: '/api/antifraud/transaction'
request: 'amount = ""'
Expectations: 'Response status must be 'Bad request''
-----
?[1;31m
Start test 29?[0m
Test case
Testing api: '/api/antifraud/transaction'
request: 'amount = " "'
Expectations: 'Response status must be 'Bad request''
-----
?[1;31m
Start test 30?[0m
Test case
Testing api: '/api/antifraud/transaction'
request: 'empty body'
Expectations: 'Response status must be 'Bad request''
-----
?[1;31m
Start test 31?[0m
Test case
Testing api: '/api/auth/user'
request: '/api/auth/user/somebody'
Expectations: 'If a user is not found, respond with HTTP Not Found status (404).'
-----
?[1;31m
Start test 32?[0m
Test case
Testing api: '/api/auth/user'
request: '/api/auth/user/johndoe1'
Expectations: 'The endpoint must delete the user and respond with HTTP OK status (200)'
-----
?[1;31m
Start test 33?[0m
Test case
Testing api: '/api/auth/list'
Expectations: 'User 'johndoe1' must be delete'
-----
?[1;31m
Start test 34?[0m
Test case
Testing api: '/api/auth/role'
Expectations: 'If a user is not found, endpoint must respond with the HTTP Not Found status (404).'
-----
?[1;31m
Start test 35?[0m
Test case
Testing api: '/api/auth/role'
Expectations: 'If a role is not found, endpoint must respond with the HTTP Bad Request status (400).'
-----
?[1;31m
Start test 36?[0m
Test case
Testing api: '/api/auth/role'
Expectations: 'If a role is ADMINISTRATOR, endpoint must respond with the HTTP Bad Request status (400).'
-----
?[1;31m
Start test 37?[0m
Test case
Testing api: '/api/auth/role'
Expectations: 'If a role successfully changed, respond with the HTTP OK status (200)'
-----
?[1;31m
Start test 38?[0m
Test case
Testing api: '/api/auth/role'
Expectations: 'If a role already assigned to a user, endpoint must respond with the HTTP Conflict status (409).'
-----
?[1;31m
Start test 39?[0m
Test case
Testing api: '/api/auth/access'
Expectations: 'A user johndoe2 must be UNLOCKED'
-----
?[1;31m
Start test 40?[0m
Test case
Testing api: '/api/auth/list'
Expectations: 'Role for user 'johndoe2' must be changed to SUPPORT'
-----
?[1;31m
Start test 41?[0m
Test case
Testing api: '/api/antifraud/transaction'
Expectations: 'Role MERCHANT must be removed from user johndoe2!'
-----
?[1;31m
Start test 42?[0m
Test case
Testing api: '/api/auth/user'
request: '{
   "name": "John Doe 3",
   "username": "johndoe3",
   "password": "oMoa6VvqnLxW"
}'
Expectations: 'If user successfully added, endpoint must respond with HTTP CREATED status (201) '
-----
?[1;31m
Start test 43?[0m
Test case
Testing api: '/api/antifraud/transaction'
Expectations: 'MERCHANT user after registration must be LOCKED'
-----
?[1;31m
Start test 44?[0m
Test case
Testing api: '/api/auth/access'
Expectations: 'A user johndoe3 must be UNLOCKED'
-----
?[1;31m
Start test 45?[0m
Test case
Testing api: '/api/antifraud/transaction'
Expectations: 'A user johndoe3 must be UNLOCKED'
-----
?[1;31m
Start test 46?[0m
Test case
Testing api: '/api/auth/access'
Expectations: 'A user johndoe3 must be LOCKED'
-----
?[1;31m
Start test 47?[0m
Test case
Testing api: '/api/antifraud/transaction'
Expectations: 'A user johndoe3 must be LOCKED'
-----
?[1;31m
Start test 48?[0m
Test case
Testing api: '/api/auth/access'
Expectations: 'A user johndoe3 must be UNLOCKED'
-----
?[1;31m
Start test 49?[0m
Test case
Testing api: '/api/antifraud/transaction'
Expectations: 'A user with role ADMINISTRATOR must not have access to /api/antifraud/transaction'
-----
?[1;31m
Start test 50?[0m
Test case
Testing api: '/api/antifraud/transaction'
Expectations: 'A user with role SUPPORT must not have access to /api/antifraud/transaction'
-----
?[1;31m
Start test 51?[0m
Test case
Testing api: '/api/antifraud/transaction'
Expectations: 'A user with role ANONYMOUS must not have access to /api/antifraud/transaction'
-----
?[1;31m
Start test 52?[0m
Test case
Testing api: '/api/auth/user'
Expectations: 'A user with role ANONYMOUS must not have access to DELETE /api/auth/user'
-----
?[1;31m
Start test 53?[0m
Test case
Testing api: '/api/auth/user'
Expectations: 'A user with role SUPPORT must not have access to DELETE /api/auth/user'
-----
?[1;31m
Start test 54?[0m
Test case
Testing api: '/api/auth/user'
Expectations: 'A user with role MERCHANT must not have access to DELETE /api/auth/user'
-----
?[1;31m
Start test 55?[0m
Test case
Testing api: '/api/auth/list'
Expectations: 'A user with role ANONYMOUS must not have access to /api/auth/list'
-----
?[1;31m
Start test 56?[0m
Test case
Testing api: '/api/auth/list'
Expectations: 'A user with role MERCHANT must not have access to /api/auth/list'
-----
?[1;31m
Start test 57?[0m
Test case
Testing api: '/api/antifraud/suspicious-ip'
Expectations: 'A user with role ADMINISTRATOR must not have access to GET /api/antifraud/suspicious-ip'
-----
?[1;31m
Start test 58?[0m
Test case
Testing api: '/api/antifraud/suspicious-ip'
Expectations: 'A user with role MERCHANT must not have access to GET /api/antifraud/suspicious-ip'
-----
?[1;31m
Start test 59?[0m
Test case
Testing api: '/api/antifraud/suspicious-ip'
Expectations: 'A user with role ADMINISTRATOR must not have access to POST /api/antifraud/suspicious-ip'
-----
?[1;31m
Start test 60?[0m
Test case
Testing api: '/api/antifraud/suspicious-ip'
Expectations: 'A user with role MERCHANT must not have access to POST /api/antifraud/suspicious-ip'
-----
?[1;31m
Start test 61?[0m
Test case
Testing api: '/api/antifraud/suspicious-ip'
Expectations: 'A user with role ADMINISTRATOR must not have access to DELETE /api/antifraud/suspicious-ip'
-----
?[1;31m
Start test 62?[0m
Test case
Testing api: '/api/antifraud/suspicious-ip'
Expectations: 'A user with role MERCHANT must not have access to DELETE /api/antifraud/suspicious-ip'
-----
?[1;31m
Start test 63?[0m
Test case
Testing api: '/api/antifraud/stolencard'
Expectations: 'A user with role ADMINISTRATOR must not have access to GET /api/antifraud/stolencard'
-----
?[1;31m
Start test 64?[0m
Test case
Testing api: '/api/antifraud/stolencard'
Expectations: 'A user with role MERCHANT must not have access to GET /api/antifraud/stolencard'
-----
?[1;31m
Start test 65?[0m
Test case
Testing api: '/api/antifraud/stolencard'
Expectations: 'A user with role ADMINISTRATOR must not have access to POST /api/antifraud/stolencard'
-----
?[1;31m
Start test 66?[0m
Test case
Testing api: '/api/antifraud/stolencard'
Expectations: 'A user with role MERCHANT must not have access to POST /api/antifraud/stolencard'
-----
?[1;31m
Start test 67?[0m
Test case
Testing api: '/api/antifraud/stolencard'
Expectations: 'A user with role ADMINISTRATOR must not have access to DELETE /api/antifraud/stolencard'
-----
?[1;31m
Start test 68?[0m
Test case
Testing api: '/api/antifraud/stolencard'
Expectations: 'A user with role MERCHANT must not have access to DELETE /api/antifraud/stolencard'
-----
?[1;31m
Start test 69?[0m
Test case
Testing api: '/api/antifraud/suspicious-ip'
Expectations: 'Endpoint must respond with empty array'
-----
?[1;31m
Start test 70?[0m
Test case
Testing api: '/api/antifraud/suspicious-ip'
Expectations: 'IP must be added to Black List'
-----
?[1;31m
Start test 71?[0m
Test case
Testing api: '/api/antifraud/suspicious-ip'
Expectations: 'If IP already in database,  endpoint must respond with the HTTP Conflict status (409).'
-----
?[1;31m
Start test 72?[0m
Test case
Testing api: '/api/antifraud/suspicious-ip'
Expectations: 'If IP doesn't have right format, respond with HTTP Bad Request status (400)'
-----
?[1;31m
Start test 73?[0m
Test case
Testing api: '/api/antifraud/suspicious-ip'
Expectations: 'If IP doesn't have right format, respond with HTTP Bad Request status (400)'
-----
?[1;31m
Start test 74?[0m
Test case
Testing api: '/api/antifraud/suspicious-ip'
Expectations: 'IP must be added to Black List'
-----
?[1;31m
Start test 75?[0m
Test case
Testing api: '/api/antifraud/suspicious-ip'
Expectations: 'Endpoint must responds with Black List'
-----
?[1;31m
Start test 76?[0m
Test case
Testing api: '/api/antifraud/suspicious-ip'
Expectations: 'IP must be removed from Black List'
-----
?[1;31m
Start test 77?[0m
Test case
Testing api: '/api/antifraud/suspicious-ip'
Expectations: 'If IP not found in database, respond with the HTTP Not Found status (404).'
-----
?[1;31m
Start test 78?[0m
Test case
Testing api: '/api/antifraud/suspicious-ip'
Expectations: 'If IP doesn't have right format, respond with HTTP Bad Request status (400)'
-----
?[1;31m
Start test 79?[0m
Test case
Testing api: '/api/antifraud/suspicious-ip'
Expectations: 'IP must be removed from Black List'
-----
?[1;31m
Start test 80?[0m
Test case
Testing api: '/api/antifraud/stolencard'
Expectations: 'Endpoint must respond with empty array'
-----
?[1;31m
Start test 81?[0m
Test case
Testing api: '/api/antifraud/stolencard'
Expectations: 'A card must be added to Black List'
-----
?[1;31m
Start test 82?[0m
Test case
Testing api: '/api/antifraud/stolencard'
Expectations: 'If card-number already in database, endpoint must respond with the HTTP Conflict status (409).'
-----
?[1;31m
Start test 83?[0m
Test case
Testing api: '/api/antifraud/stolencard'
Expectations: 'If card-number doesn't have right format, endpoint must respond with HTTP Bad Request status (400).'
-----
?[1;31m
Start test 84?[0m
Test case
Testing api: '/api/antifraud/stolencard'
Expectations: 'If checksum of card-number is wrong, endpoint must respond with HTTP Bad Request status (400).'
-----
?[1;31m
Start test 85?[0m
Test case
Testing api: '/api/antifraud/stolencard'
Expectations: 'A card must be added to Black List'
-----
?[1;31m
Start test 86?[0m
Test case
Testing api: '/api/antifraud/stolencard'
Expectations: 'Endpoint must responds with Black List'
-----
?[1;31m
Start test 87?[0m
Test case
Testing api: '/api/antifraud/stolencard'
Expectations: 'Card must be removed from Black List'
-----
?[1;31m
Start test 88?[0m
Test case
Testing api: '/api/antifraud/stolencard'
Expectations: 'If card-number not found in database, respond with the HTTP Not Found status (404).'
-----
?[1;31m
Start test 89?[0m
Test case
Testing api: '/api/antifraud/stolencard'
Expectations: 'If card-number doesn't have right format, endpoint must respond with HTTP Bad Request status (400).'
-----
?[1;31m
Start test 90?[0m
Test case
Testing api: '/api/antifraud/stolencard'
Expectations: 'Card must be removed from Black List'
-----
?[1;31m
Start test 91?[0m
Test case
Testing api: '/api/antifraud/transaction'
Expectations: 'Transaction must be PROHIBITED due to - suspicious ip reason'
-----
?[1;31m
Start test 92?[0m
Test case
Testing api: '/api/antifraud/transaction'
Expectations: 'Transaction must be PROHIBITED due to - stolen card reason'
-----
?[1;31m
Start test 93?[0m
Test case
Testing api: '/api/antifraud/transaction'
Expectations: 'Transaction must be PROHIBITED due to - stolen card, suspicious ip reasons'
-----
?[1;31m
Start test 94?[0m
Test case
Testing api: '/api/antifraud/transaction'
Expectations: 'Transaction must be PROHIBITED due to - amount, stolen card, suspicious ip reasons'
-----
]]></system-out>
  <system-err><![CDATA[]]></system-err>
</testsuite>
